The system is: Linux - 5.15.0-73-generic - x86_64
Compiling the C compiler identification source file "CMakeCCompilerId.c" succeeded.
Compiler: /home/arun/Desktop/TypeFlexer-Clang/llvm/cmake-build-debug/bin/clang 
Build flags: 
Id flags:  

The output was:
0


Compilation of the C compiler identification source "CMakeCCompilerId.c" produced "a.out"

The C compiler identification is Clang, found in "/home/arun/Desktop/typeflexer-llvm-test-suite/build/CMakeFiles/3.16.3/CompilerIdC/a.out"

Compiling the CXX compiler identification source file "CMakeCXXCompilerId.cpp" succeeded.
Compiler: /usr/bin/g++ 
Build flags: 
Id flags:  

The output was:
0


Compilation of the CXX compiler identification source "CMakeCXXCompilerId.cpp" produced "a.out"

The CXX compiler identification is GNU, found in "/home/arun/Desktop/typeflexer-llvm-test-suite/build/CMakeFiles/3.16.3/CompilerIdCXX/a.out"

Determining if the C compiler works passed with the following output:
Change Dir: /home/arun/Desktop/typeflexer-llvm-test-suite/build/CMakeFiles/CMakeTmp

Run Build Command(s):/usr/bin/make cmTC_00096/fast && /usr/bin/make -f CMakeFiles/cmTC_00096.dir/build.make CMakeFiles/cmTC_00096.dir/build
make[1]: Entering directory '/home/arun/Desktop/typeflexer-llvm-test-suite/build/CMakeFiles/CMakeTmp'
Building C object CMakeFiles/cmTC_00096.dir/testCCompiler.c.o
/home/arun/Desktop/TypeFlexer-Clang/llvm/cmake-build-debug/bin/clang    -o CMakeFiles/cmTC_00096.dir/testCCompiler.c.o   -c /home/arun/Desktop/typeflexer-llvm-test-suite/build/CMakeFiles/CMakeTmp/testCCompiler.c
Linking C executable cmTC_00096
/usr/bin/cmake -E cmake_link_script CMakeFiles/cmTC_00096.dir/link.txt --verbose=1
/home/arun/Desktop/TypeFlexer-Clang/llvm/cmake-build-debug/bin/clang      CMakeFiles/cmTC_00096.dir/testCCompiler.c.o  -o cmTC_00096 
make[1]: Leaving directory '/home/arun/Desktop/typeflexer-llvm-test-suite/build/CMakeFiles/CMakeTmp'



Detecting C compiler ABI info compiled with the following output:
Change Dir: /home/arun/Desktop/typeflexer-llvm-test-suite/build/CMakeFiles/CMakeTmp

Run Build Command(s):/usr/bin/make cmTC_f76fa/fast && /usr/bin/make -f CMakeFiles/cmTC_f76fa.dir/build.make CMakeFiles/cmTC_f76fa.dir/build
make[1]: Entering directory '/home/arun/Desktop/typeflexer-llvm-test-suite/build/CMakeFiles/CMakeTmp'
Building C object CMakeFiles/cmTC_f76fa.dir/CMakeCCompilerABI.c.o
/home/arun/Desktop/TypeFlexer-Clang/llvm/cmake-build-debug/bin/clang   -v -o CMakeFiles/cmTC_f76fa.dir/CMakeCCompilerABI.c.o   -c /usr/share/cmake-3.16/Modules/CMakeCCompilerABI.c
clang version 12.0.0 (git@github.com:TypeFlexer/TypeFlexer-Clang.git 02c5dfe77bdda2378d9488a033229fc2a3aa1c57)
Target: x86_64-unknown-linux-gnu
Thread model: posix
InstalledDir: /home/arun/Desktop/TypeFlexer-Clang/llvm/cmake-build-debug/bin
Found candidate GCC installation: /usr/lib/gcc/x86_64-linux-gnu/9
Selected GCC installation: /usr/lib/gcc/x86_64-linux-gnu/9
Candidate multilib: .;@m64
Selected multilib: .;@m64
 (in-process)
 "/home/arun/Desktop/TypeFlexer-Clang/llvm/cmake-build-debug/bin/clang-12" -cc1 -triple x86_64-unknown-linux-gnu -emit-obj -mrelax-all --mrelax-relocations -disable-free -main-file-name CMakeCCompilerABI.c -mrelocation-model static -mframe-pointer=all -fmath-errno -fno-rounding-math -mconstructor-aliases -munwind-tables -target-cpu x86-64 -tune-cpu generic -fno-split-dwarf-inlining -debugger-tuning=gdb -v -resource-dir /home/arun/Desktop/TypeFlexer-Clang/llvm/cmake-build-debug/lib/clang/12.0.0 -internal-isystem /usr/local/include -internal-isystem /home/arun/Desktop/TypeFlexer-Clang/llvm/cmake-build-debug/lib/clang/12.0.0/include -internal-externc-isystem /usr/include/x86_64-linux-gnu -internal-externc-isystem /include -internal-externc-isystem /usr/include -fdebug-compilation-dir /home/arun/Desktop/typeflexer-llvm-test-suite/build/CMakeFiles/CMakeTmp -ferror-limit 19 -fgnuc-version=4.2.1 -faddrsig -o CMakeFiles/cmTC_f76fa.dir/CMakeCCompilerABI.c.o -x c /usr/share/cmake-3.16/Modules/CMakeCCompilerABI.c
clang -cc1 version 12.0.0 based upon CheckedC-Clang 12.0.0git default target x86_64-unknown-linux-gnu
ignoring nonexistent directory "/include"
#include "..." search starts here:
#include <...> search starts here:
 /usr/local/include
 /home/arun/Desktop/TypeFlexer-Clang/llvm/cmake-build-debug/lib/clang/12.0.0/include
 /usr/include/x86_64-linux-gnu
 /usr/include
End of search list.
Linking C executable cmTC_f76fa
/usr/bin/cmake -E cmake_link_script CMakeFiles/cmTC_f76fa.dir/link.txt --verbose=1
/home/arun/Desktop/TypeFlexer-Clang/llvm/cmake-build-debug/bin/clang     -v CMakeFiles/cmTC_f76fa.dir/CMakeCCompilerABI.c.o  -o cmTC_f76fa 
clang version 12.0.0 (git@github.com:TypeFlexer/TypeFlexer-Clang.git 02c5dfe77bdda2378d9488a033229fc2a3aa1c57)
Target: x86_64-unknown-linux-gnu
Thread model: posix
InstalledDir: /home/arun/Desktop/TypeFlexer-Clang/llvm/cmake-build-debug/bin
Found candidate GCC installation: /usr/lib/gcc/x86_64-linux-gnu/9
Selected GCC installation: /usr/lib/gcc/x86_64-linux-gnu/9
Candidate multilib: .;@m64
Selected multilib: .;@m64
 "/usr/bin/ld" -z relro --hash-style=gnu --eh-frame-hdr -m elf_x86_64 -dynamic-linker /lib64/ld-linux-x86-64.so.2 -o cmTC_f76fa /usr/lib/gcc/x86_64-linux-gnu/9/../../../x86_64-linux-gnu/crt1.o /usr/lib/gcc/x86_64-linux-gnu/9/../../../x86_64-linux-gnu/crti.o /usr/lib/gcc/x86_64-linux-gnu/9/crtbegin.o -L/usr/lib/gcc/x86_64-linux-gnu/9 -L/usr/lib/gcc/x86_64-linux-gnu/9/../../../x86_64-linux-gnu -L/usr/lib/gcc/x86_64-linux-gnu/9/../../../../lib64 -L/lib/x86_64-linux-gnu -L/lib/../lib64 -L/usr/lib/x86_64-linux-gnu -L/usr/lib/../lib64 -L/usr/lib/x86_64-linux-gnu/../../lib64 -L/usr/lib/gcc/x86_64-linux-gnu/9/../../.. -L/home/arun/Desktop/TypeFlexer-Clang/llvm/cmake-build-debug/bin/../lib -L/lib -L/usr/lib CMakeFiles/cmTC_f76fa.dir/CMakeCCompilerABI.c.o -lgcc --as-needed -lgcc_s --no-as-needed -lc -lgcc --as-needed -lgcc_s --no-as-needed /usr/lib/gcc/x86_64-linux-gnu/9/crtend.o /usr/lib/gcc/x86_64-linux-gnu/9/../../../x86_64-linux-gnu/crtn.o
make[1]: Leaving directory '/home/arun/Desktop/typeflexer-llvm-test-suite/build/CMakeFiles/CMakeTmp'



Parsed C implicit include dir info from above output: rv=done
  found start of include info
  found start of implicit include info
    add: [/usr/local/include]
    add: [/home/arun/Desktop/TypeFlexer-Clang/llvm/cmake-build-debug/lib/clang/12.0.0/include]
    add: [/usr/include/x86_64-linux-gnu]
    add: [/usr/include]
  end of search list found
  collapse include dir [/usr/local/include] ==> [/usr/local/include]
  collapse include dir [/home/arun/Desktop/TypeFlexer-Clang/llvm/cmake-build-debug/lib/clang/12.0.0/include] ==> [/home/arun/Desktop/TypeFlexer-Clang/llvm/cmake-build-debug/lib/clang/12.0.0/include]
  collapse include dir [/usr/include/x86_64-linux-gnu] ==> [/usr/include/x86_64-linux-gnu]
  collapse include dir [/usr/include] ==> [/usr/include]
  implicit include dirs: [/usr/local/include;/home/arun/Desktop/TypeFlexer-Clang/llvm/cmake-build-debug/lib/clang/12.0.0/include;/usr/include/x86_64-linux-gnu;/usr/include]


Parsed C implicit link information from above output:
  link line regex: [^( *|.*[/\])(ld|CMAKE_LINK_STARTFILE-NOTFOUND|([^/\]+-)?ld|collect2)[^/\]*( |$)]
  ignore line: [Change Dir: /home/arun/Desktop/typeflexer-llvm-test-suite/build/CMakeFiles/CMakeTmp]
  ignore line: []
  ignore line: [Run Build Command(s):/usr/bin/make cmTC_f76fa/fast && /usr/bin/make -f CMakeFiles/cmTC_f76fa.dir/build.make CMakeFiles/cmTC_f76fa.dir/build]
  ignore line: [make[1]: Entering directory '/home/arun/Desktop/typeflexer-llvm-test-suite/build/CMakeFiles/CMakeTmp']
  ignore line: [Building C object CMakeFiles/cmTC_f76fa.dir/CMakeCCompilerABI.c.o]
  ignore line: [/home/arun/Desktop/TypeFlexer-Clang/llvm/cmake-build-debug/bin/clang   -v -o CMakeFiles/cmTC_f76fa.dir/CMakeCCompilerABI.c.o   -c /usr/share/cmake-3.16/Modules/CMakeCCompilerABI.c]
  ignore line: [clang version 12.0.0 (git@github.com:TypeFlexer/TypeFlexer-Clang.git 02c5dfe77bdda2378d9488a033229fc2a3aa1c57)]
  ignore line: [Target: x86_64-unknown-linux-gnu]
  ignore line: [Thread model: posix]
  ignore line: [InstalledDir: /home/arun/Desktop/TypeFlexer-Clang/llvm/cmake-build-debug/bin]
  ignore line: [Found candidate GCC installation: /usr/lib/gcc/x86_64-linux-gnu/9]
  ignore line: [Selected GCC installation: /usr/lib/gcc/x86_64-linux-gnu/9]
  ignore line: [Candidate multilib: .]
  ignore line: [@m64]
  ignore line: [Selected multilib: .]
  ignore line: [@m64]
  ignore line: [ (in-process)]
  ignore line: [ "/home/arun/Desktop/TypeFlexer-Clang/llvm/cmake-build-debug/bin/clang-12" -cc1 -triple x86_64-unknown-linux-gnu -emit-obj -mrelax-all --mrelax-relocations -disable-free -main-file-name CMakeCCompilerABI.c -mrelocation-model static -mframe-pointer=all -fmath-errno -fno-rounding-math -mconstructor-aliases -munwind-tables -target-cpu x86-64 -tune-cpu generic -fno-split-dwarf-inlining -debugger-tuning=gdb -v -resource-dir /home/arun/Desktop/TypeFlexer-Clang/llvm/cmake-build-debug/lib/clang/12.0.0 -internal-isystem /usr/local/include -internal-isystem /home/arun/Desktop/TypeFlexer-Clang/llvm/cmake-build-debug/lib/clang/12.0.0/include -internal-externc-isystem /usr/include/x86_64-linux-gnu -internal-externc-isystem /include -internal-externc-isystem /usr/include -fdebug-compilation-dir /home/arun/Desktop/typeflexer-llvm-test-suite/build/CMakeFiles/CMakeTmp -ferror-limit 19 -fgnuc-version=4.2.1 -faddrsig -o CMakeFiles/cmTC_f76fa.dir/CMakeCCompilerABI.c.o -x c /usr/share/cmake-3.16/Modules/CMakeCCompilerABI.c]
  ignore line: [clang -cc1 version 12.0.0 based upon CheckedC-Clang 12.0.0git default target x86_64-unknown-linux-gnu]
  ignore line: [ignoring nonexistent directory "/include"]
  ignore line: [#include "..." search starts here:]
  ignore line: [#include <...> search starts here:]
  ignore line: [ /usr/local/include]
  ignore line: [ /home/arun/Desktop/TypeFlexer-Clang/llvm/cmake-build-debug/lib/clang/12.0.0/include]
  ignore line: [ /usr/include/x86_64-linux-gnu]
  ignore line: [ /usr/include]
  ignore line: [End of search list.]
  ignore line: [Linking C executable cmTC_f76fa]
  ignore line: [/usr/bin/cmake -E cmake_link_script CMakeFiles/cmTC_f76fa.dir/link.txt --verbose=1]
  ignore line: [/home/arun/Desktop/TypeFlexer-Clang/llvm/cmake-build-debug/bin/clang     -v CMakeFiles/cmTC_f76fa.dir/CMakeCCompilerABI.c.o  -o cmTC_f76fa ]
  ignore line: [clang version 12.0.0 (git@github.com:TypeFlexer/TypeFlexer-Clang.git 02c5dfe77bdda2378d9488a033229fc2a3aa1c57)]
  ignore line: [Target: x86_64-unknown-linux-gnu]
  ignore line: [Thread model: posix]
  ignore line: [InstalledDir: /home/arun/Desktop/TypeFlexer-Clang/llvm/cmake-build-debug/bin]
  ignore line: [Found candidate GCC installation: /usr/lib/gcc/x86_64-linux-gnu/9]
  ignore line: [Selected GCC installation: /usr/lib/gcc/x86_64-linux-gnu/9]
  ignore line: [Candidate multilib: .]
  ignore line: [@m64]
  ignore line: [Selected multilib: .]
  ignore line: [@m64]
  link line: [ "/usr/bin/ld" -z relro --hash-style=gnu --eh-frame-hdr -m elf_x86_64 -dynamic-linker /lib64/ld-linux-x86-64.so.2 -o cmTC_f76fa /usr/lib/gcc/x86_64-linux-gnu/9/../../../x86_64-linux-gnu/crt1.o /usr/lib/gcc/x86_64-linux-gnu/9/../../../x86_64-linux-gnu/crti.o /usr/lib/gcc/x86_64-linux-gnu/9/crtbegin.o -L/usr/lib/gcc/x86_64-linux-gnu/9 -L/usr/lib/gcc/x86_64-linux-gnu/9/../../../x86_64-linux-gnu -L/usr/lib/gcc/x86_64-linux-gnu/9/../../../../lib64 -L/lib/x86_64-linux-gnu -L/lib/../lib64 -L/usr/lib/x86_64-linux-gnu -L/usr/lib/../lib64 -L/usr/lib/x86_64-linux-gnu/../../lib64 -L/usr/lib/gcc/x86_64-linux-gnu/9/../../.. -L/home/arun/Desktop/TypeFlexer-Clang/llvm/cmake-build-debug/bin/../lib -L/lib -L/usr/lib CMakeFiles/cmTC_f76fa.dir/CMakeCCompilerABI.c.o -lgcc --as-needed -lgcc_s --no-as-needed -lc -lgcc --as-needed -lgcc_s --no-as-needed /usr/lib/gcc/x86_64-linux-gnu/9/crtend.o /usr/lib/gcc/x86_64-linux-gnu/9/../../../x86_64-linux-gnu/crtn.o]
    arg [/usr/bin/ld] ==> ignore
    arg [-zrelro] ==> ignore
    arg [--hash-style=gnu] ==> ignore
    arg [--eh-frame-hdr] ==> ignore
    arg [-m] ==> ignore
    arg [elf_x86_64] ==> ignore
    arg [-dynamic-linker] ==> ignore
    arg [/lib64/ld-linux-x86-64.so.2] ==> ignore
    arg [-o] ==> ignore
    arg [cmTC_f76fa] ==> ignore
    arg [/usr/lib/gcc/x86_64-linux-gnu/9/../../../x86_64-linux-gnu/crt1.o] ==> ignore
    arg [/usr/lib/gcc/x86_64-linux-gnu/9/../../../x86_64-linux-gnu/crti.o] ==> ignore
    arg [/usr/lib/gcc/x86_64-linux-gnu/9/crtbegin.o] ==> ignore
    arg [-L/usr/lib/gcc/x86_64-linux-gnu/9] ==> dir [/usr/lib/gcc/x86_64-linux-gnu/9]
    arg [-L/usr/lib/gcc/x86_64-linux-gnu/9/../../../x86_64-linux-gnu] ==> dir [/usr/lib/gcc/x86_64-linux-gnu/9/../../../x86_64-linux-gnu]
    arg [-L/usr/lib/gcc/x86_64-linux-gnu/9/../../../../lib64] ==> dir [/usr/lib/gcc/x86_64-linux-gnu/9/../../../../lib64]
    arg [-L/lib/x86_64-linux-gnu] ==> dir [/lib/x86_64-linux-gnu]
    arg [-L/lib/../lib64] ==> dir [/lib/../lib64]
    arg [-L/usr/lib/x86_64-linux-gnu] ==> dir [/usr/lib/x86_64-linux-gnu]
    arg [-L/usr/lib/../lib64] ==> dir [/usr/lib/../lib64]
    arg [-L/usr/lib/x86_64-linux-gnu/../../lib64] ==> dir [/usr/lib/x86_64-linux-gnu/../../lib64]
    arg [-L/usr/lib/gcc/x86_64-linux-gnu/9/../../..] ==> dir [/usr/lib/gcc/x86_64-linux-gnu/9/../../..]
    arg [-L/home/arun/Desktop/TypeFlexer-Clang/llvm/cmake-build-debug/bin/../lib] ==> dir [/home/arun/Desktop/TypeFlexer-Clang/llvm/cmake-build-debug/bin/../lib]
    arg [-L/lib] ==> dir [/lib]
    arg [-L/usr/lib] ==> dir [/usr/lib]
    arg [CMakeFiles/cmTC_f76fa.dir/CMakeCCompilerABI.c.o] ==> ignore
    arg [-lgcc] ==> lib [gcc]
    arg [--as-needed] ==> ignore
    arg [-lgcc_s] ==> lib [gcc_s]
    arg [--no-as-needed] ==> ignore
    arg [-lc] ==> lib [c]
    arg [-lgcc] ==> lib [gcc]
    arg [--as-needed] ==> ignore
    arg [-lgcc_s] ==> lib [gcc_s]
    arg [--no-as-needed] ==> ignore
    arg [/usr/lib/gcc/x86_64-linux-gnu/9/crtend.o] ==> ignore
    arg [/usr/lib/gcc/x86_64-linux-gnu/9/../../../x86_64-linux-gnu/crtn.o] ==> ignore
  collapse library dir [/usr/lib/gcc/x86_64-linux-gnu/9] ==> [/usr/lib/gcc/x86_64-linux-gnu/9]
  collapse library dir [/usr/lib/gcc/x86_64-linux-gnu/9/../../../x86_64-linux-gnu] ==> [/usr/lib/x86_64-linux-gnu]
  collapse library dir [/usr/lib/gcc/x86_64-linux-gnu/9/../../../../lib64] ==> [/usr/lib64]
  collapse library dir [/lib/x86_64-linux-gnu] ==> [/lib/x86_64-linux-gnu]
  collapse library dir [/lib/../lib64] ==> [/lib64]
  collapse library dir [/usr/lib/x86_64-linux-gnu] ==> [/usr/lib/x86_64-linux-gnu]
  collapse library dir [/usr/lib/../lib64] ==> [/usr/lib64]
  collapse library dir [/usr/lib/x86_64-linux-gnu/../../lib64] ==> [/usr/lib64]
  collapse library dir [/usr/lib/gcc/x86_64-linux-gnu/9/../../..] ==> [/usr/lib]
  collapse library dir [/home/arun/Desktop/TypeFlexer-Clang/llvm/cmake-build-debug/bin/../lib] ==> [/home/arun/Desktop/TypeFlexer-Clang/llvm/cmake-build-debug/lib]
  collapse library dir [/lib] ==> [/lib]
  collapse library dir [/usr/lib] ==> [/usr/lib]
  implicit libs: [gcc;gcc_s;c;gcc;gcc_s]
  implicit dirs: [/usr/lib/gcc/x86_64-linux-gnu/9;/usr/lib/x86_64-linux-gnu;/usr/lib64;/lib/x86_64-linux-gnu;/lib64;/usr/lib;/home/arun/Desktop/TypeFlexer-Clang/llvm/cmake-build-debug/lib;/lib]
  implicit fwks: []


Determining if the CXX compiler works passed with the following output:
Change Dir: /home/arun/Desktop/typeflexer-llvm-test-suite/build/CMakeFiles/CMakeTmp

Run Build Command(s):/usr/bin/make cmTC_0ebc9/fast && /usr/bin/make -f CMakeFiles/cmTC_0ebc9.dir/build.make CMakeFiles/cmTC_0ebc9.dir/build
make[1]: Entering directory '/home/arun/Desktop/typeflexer-llvm-test-suite/build/CMakeFiles/CMakeTmp'
Building CXX object CMakeFiles/cmTC_0ebc9.dir/testCXXCompiler.cxx.o
/usr/bin/g++     -o CMakeFiles/cmTC_0ebc9.dir/testCXXCompiler.cxx.o -c /home/arun/Desktop/typeflexer-llvm-test-suite/build/CMakeFiles/CMakeTmp/testCXXCompiler.cxx
Linking CXX executable cmTC_0ebc9
/usr/bin/cmake -E cmake_link_script CMakeFiles/cmTC_0ebc9.dir/link.txt --verbose=1
/usr/bin/g++       CMakeFiles/cmTC_0ebc9.dir/testCXXCompiler.cxx.o  -o cmTC_0ebc9 
make[1]: Leaving directory '/home/arun/Desktop/typeflexer-llvm-test-suite/build/CMakeFiles/CMakeTmp'



Detecting CXX compiler ABI info compiled with the following output:
Change Dir: /home/arun/Desktop/typeflexer-llvm-test-suite/build/CMakeFiles/CMakeTmp

Run Build Command(s):/usr/bin/make cmTC_2764c/fast && /usr/bin/make -f CMakeFiles/cmTC_2764c.dir/build.make CMakeFiles/cmTC_2764c.dir/build
make[1]: Entering directory '/home/arun/Desktop/typeflexer-llvm-test-suite/build/CMakeFiles/CMakeTmp'
Building CXX object CMakeFiles/cmTC_2764c.dir/CMakeCXXCompilerABI.cpp.o
/usr/bin/g++    -v -o CMakeFiles/cmTC_2764c.dir/CMakeCXXCompilerABI.cpp.o -c /usr/share/cmake-3.16/Modules/CMakeCXXCompilerABI.cpp
Using built-in specs.
COLLECT_GCC=/usr/bin/g++
OFFLOAD_TARGET_NAMES=nvptx-none:hsa
OFFLOAD_TARGET_DEFAULT=1
Target: x86_64-linux-gnu
Configured with: ../src/configure -v --with-pkgversion='Ubuntu 9.4.0-1ubuntu1~20.04.1' --with-bugurl=file:///usr/share/doc/gcc-9/README.Bugs --enable-languages=c,ada,c++,go,brig,d,fortran,objc,obj-c++,gm2 --prefix=/usr --with-gcc-major-version-only --program-suffix=-9 --program-prefix=x86_64-linux-gnu- --enable-shared --enable-linker-build-id --libexecdir=/usr/lib --without-included-gettext --enable-threads=posix --libdir=/usr/lib --enable-nls --enable-clocale=gnu --enable-libstdcxx-debug --enable-libstdcxx-time=yes --with-default-libstdcxx-abi=new --enable-gnu-unique-object --disable-vtable-verify --enable-plugin --enable-default-pie --with-system-zlib --with-target-system-zlib=auto --enable-objc-gc=auto --enable-multiarch --disable-werror --with-arch-32=i686 --with-abi=m64 --with-multilib-list=m32,m64,mx32 --enable-multilib --with-tune=generic --enable-offload-targets=nvptx-none=/build/gcc-9-Av3uEd/gcc-9-9.4.0/debian/tmp-nvptx/usr,hsa --without-cuda-driver --enable-checking=release --build=x86_64-linux-gnu --host=x86_64-linux-gnu --target=x86_64-linux-gnu
Thread model: posix
gcc version 9.4.0 (Ubuntu 9.4.0-1ubuntu1~20.04.1) 
COLLECT_GCC_OPTIONS='-v' '-o' 'CMakeFiles/cmTC_2764c.dir/CMakeCXXCompilerABI.cpp.o' '-c' '-shared-libgcc' '-mtune=generic' '-march=x86-64'
 /usr/lib/gcc/x86_64-linux-gnu/9/cc1plus -quiet -v -imultiarch x86_64-linux-gnu -D_GNU_SOURCE /usr/share/cmake-3.16/Modules/CMakeCXXCompilerABI.cpp -quiet -dumpbase CMakeCXXCompilerABI.cpp -mtune=generic -march=x86-64 -auxbase-strip CMakeFiles/cmTC_2764c.dir/CMakeCXXCompilerABI.cpp.o -version -fasynchronous-unwind-tables -fstack-protector-strong -Wformat -Wformat-security -fstack-clash-protection -fcf-protection -o /tmp/cc4j1vcJ.s
GNU C++14 (Ubuntu 9.4.0-1ubuntu1~20.04.1) version 9.4.0 (x86_64-linux-gnu)
	compiled by GNU C version 9.4.0, GMP version 6.2.0, MPFR version 4.0.2, MPC version 1.1.0, isl version isl-0.22.1-GMP

GGC heuristics: --param ggc-min-expand=100 --param ggc-min-heapsize=131072
ignoring duplicate directory "/usr/include/x86_64-linux-gnu/c++/9"
ignoring nonexistent directory "/usr/local/include/x86_64-linux-gnu"
ignoring nonexistent directory "/usr/lib/gcc/x86_64-linux-gnu/9/include-fixed"
ignoring nonexistent directory "/usr/lib/gcc/x86_64-linux-gnu/9/../../../../x86_64-linux-gnu/include"
#include "..." search starts here:
#include <...> search starts here:
 /usr/include/c++/9
 /usr/include/x86_64-linux-gnu/c++/9
 /usr/include/c++/9/backward
 /usr/lib/gcc/x86_64-linux-gnu/9/include
 /usr/local/include
 /usr/include/x86_64-linux-gnu
 /usr/include
End of search list.
GNU C++14 (Ubuntu 9.4.0-1ubuntu1~20.04.1) version 9.4.0 (x86_64-linux-gnu)
	compiled by GNU C version 9.4.0, GMP version 6.2.0, MPFR version 4.0.2, MPC version 1.1.0, isl version isl-0.22.1-GMP

GGC heuristics: --param ggc-min-expand=100 --param ggc-min-heapsize=131072
Compiler executable checksum: 65fe925b83d3956b533de4aaba7dace0
COLLECT_GCC_OPTIONS='-v' '-o' 'CMakeFiles/cmTC_2764c.dir/CMakeCXXCompilerABI.cpp.o' '-c' '-shared-libgcc' '-mtune=generic' '-march=x86-64'
 as -v --64 -o CMakeFiles/cmTC_2764c.dir/CMakeCXXCompilerABI.cpp.o /tmp/cc4j1vcJ.s
GNU assembler version 2.34 (x86_64-linux-gnu) using BFD version (GNU Binutils for Ubuntu) 2.34
COMPILER_PATH=/usr/lib/gcc/x86_64-linux-gnu/9/:/usr/lib/gcc/x86_64-linux-gnu/9/:/usr/lib/gcc/x86_64-linux-gnu/:/usr/lib/gcc/x86_64-linux-gnu/9/:/usr/lib/gcc/x86_64-linux-gnu/
LIBRARY_PATH=/usr/lib/gcc/x86_64-linux-gnu/9/:/usr/lib/gcc/x86_64-linux-gnu/9/../../../x86_64-linux-gnu/:/usr/lib/gcc/x86_64-linux-gnu/9/../../../../lib/:/lib/x86_64-linux-gnu/:/lib/../lib/:/usr/lib/x86_64-linux-gnu/:/usr/lib/../lib/:/usr/lib/gcc/x86_64-linux-gnu/9/../../../:/lib/:/usr/lib/
COLLECT_GCC_OPTIONS='-v' '-o' 'CMakeFiles/cmTC_2764c.dir/CMakeCXXCompilerABI.cpp.o' '-c' '-shared-libgcc' '-mtune=generic' '-march=x86-64'
Linking CXX executable cmTC_2764c
/usr/bin/cmake -E cmake_link_script CMakeFiles/cmTC_2764c.dir/link.txt --verbose=1
/usr/bin/g++      -v CMakeFiles/cmTC_2764c.dir/CMakeCXXCompilerABI.cpp.o  -o cmTC_2764c 
Using built-in specs.
COLLECT_GCC=/usr/bin/g++
COLLECT_LTO_WRAPPER=/usr/lib/gcc/x86_64-linux-gnu/9/lto-wrapper
OFFLOAD_TARGET_NAMES=nvptx-none:hsa
OFFLOAD_TARGET_DEFAULT=1
Target: x86_64-linux-gnu
Configured with: ../src/configure -v --with-pkgversion='Ubuntu 9.4.0-1ubuntu1~20.04.1' --with-bugurl=file:///usr/share/doc/gcc-9/README.Bugs --enable-languages=c,ada,c++,go,brig,d,fortran,objc,obj-c++,gm2 --prefix=/usr --with-gcc-major-version-only --program-suffix=-9 --program-prefix=x86_64-linux-gnu- --enable-shared --enable-linker-build-id --libexecdir=/usr/lib --without-included-gettext --enable-threads=posix --libdir=/usr/lib --enable-nls --enable-clocale=gnu --enable-libstdcxx-debug --enable-libstdcxx-time=yes --with-default-libstdcxx-abi=new --enable-gnu-unique-object --disable-vtable-verify --enable-plugin --enable-default-pie --with-system-zlib --with-target-system-zlib=auto --enable-objc-gc=auto --enable-multiarch --disable-werror --with-arch-32=i686 --with-abi=m64 --with-multilib-list=m32,m64,mx32 --enable-multilib --with-tune=generic --enable-offload-targets=nvptx-none=/build/gcc-9-Av3uEd/gcc-9-9.4.0/debian/tmp-nvptx/usr,hsa --without-cuda-driver --enable-checking=release --build=x86_64-linux-gnu --host=x86_64-linux-gnu --target=x86_64-linux-gnu
Thread model: posix
gcc version 9.4.0 (Ubuntu 9.4.0-1ubuntu1~20.04.1) 
COMPILER_PATH=/usr/lib/gcc/x86_64-linux-gnu/9/:/usr/lib/gcc/x86_64-linux-gnu/9/:/usr/lib/gcc/x86_64-linux-gnu/:/usr/lib/gcc/x86_64-linux-gnu/9/:/usr/lib/gcc/x86_64-linux-gnu/
LIBRARY_PATH=/usr/lib/gcc/x86_64-linux-gnu/9/:/usr/lib/gcc/x86_64-linux-gnu/9/../../../x86_64-linux-gnu/:/usr/lib/gcc/x86_64-linux-gnu/9/../../../../lib/:/lib/x86_64-linux-gnu/:/lib/../lib/:/usr/lib/x86_64-linux-gnu/:/usr/lib/../lib/:/usr/lib/gcc/x86_64-linux-gnu/9/../../../:/lib/:/usr/lib/
COLLECT_GCC_OPTIONS='-v' '-o' 'cmTC_2764c' '-shared-libgcc' '-mtune=generic' '-march=x86-64'
 /usr/lib/gcc/x86_64-linux-gnu/9/collect2 -plugin /usr/lib/gcc/x86_64-linux-gnu/9/liblto_plugin.so -plugin-opt=/usr/lib/gcc/x86_64-linux-gnu/9/lto-wrapper -plugin-opt=-fresolution=/tmp/ccvlsWx9.res -plugin-opt=-pass-through=-lgcc_s -plugin-opt=-pass-through=-lgcc -plugin-opt=-pass-through=-lc -plugin-opt=-pass-through=-lgcc_s -plugin-opt=-pass-through=-lgcc --build-id --eh-frame-hdr -m elf_x86_64 --hash-style=gnu --as-needed -dynamic-linker /lib64/ld-linux-x86-64.so.2 -pie -z now -z relro -o cmTC_2764c /usr/lib/gcc/x86_64-linux-gnu/9/../../../x86_64-linux-gnu/Scrt1.o /usr/lib/gcc/x86_64-linux-gnu/9/../../../x86_64-linux-gnu/crti.o /usr/lib/gcc/x86_64-linux-gnu/9/crtbeginS.o -L/usr/lib/gcc/x86_64-linux-gnu/9 -L/usr/lib/gcc/x86_64-linux-gnu/9/../../../x86_64-linux-gnu -L/usr/lib/gcc/x86_64-linux-gnu/9/../../../../lib -L/lib/x86_64-linux-gnu -L/lib/../lib -L/usr/lib/x86_64-linux-gnu -L/usr/lib/../lib -L/usr/lib/gcc/x86_64-linux-gnu/9/../../.. CMakeFiles/cmTC_2764c.dir/CMakeCXXCompilerABI.cpp.o -lstdc++ -lm -lgcc_s -lgcc -lc -lgcc_s -lgcc /usr/lib/gcc/x86_64-linux-gnu/9/crtendS.o /usr/lib/gcc/x86_64-linux-gnu/9/../../../x86_64-linux-gnu/crtn.o
COLLECT_GCC_OPTIONS='-v' '-o' 'cmTC_2764c' '-shared-libgcc' '-mtune=generic' '-march=x86-64'
make[1]: Leaving directory '/home/arun/Desktop/typeflexer-llvm-test-suite/build/CMakeFiles/CMakeTmp'



Parsed CXX implicit include dir info from above output: rv=done
  found start of include info
  found start of implicit include info
    add: [/usr/include/c++/9]
    add: [/usr/include/x86_64-linux-gnu/c++/9]
    add: [/usr/include/c++/9/backward]
    add: [/usr/lib/gcc/x86_64-linux-gnu/9/include]
    add: [/usr/local/include]
    add: [/usr/include/x86_64-linux-gnu]
    add: [/usr/include]
  end of search list found
  collapse include dir [/usr/include/c++/9] ==> [/usr/include/c++/9]
  collapse include dir [/usr/include/x86_64-linux-gnu/c++/9] ==> [/usr/include/x86_64-linux-gnu/c++/9]
  collapse include dir [/usr/include/c++/9/backward] ==> [/usr/include/c++/9/backward]
  collapse include dir [/usr/lib/gcc/x86_64-linux-gnu/9/include] ==> [/usr/lib/gcc/x86_64-linux-gnu/9/include]
  collapse include dir [/usr/local/include] ==> [/usr/local/include]
  collapse include dir [/usr/include/x86_64-linux-gnu] ==> [/usr/include/x86_64-linux-gnu]
  collapse include dir [/usr/include] ==> [/usr/include]
  implicit include dirs: [/usr/include/c++/9;/usr/include/x86_64-linux-gnu/c++/9;/usr/include/c++/9/backward;/usr/lib/gcc/x86_64-linux-gnu/9/include;/usr/local/include;/usr/include/x86_64-linux-gnu;/usr/include]


Parsed CXX implicit link information from above output:
  link line regex: [^( *|.*[/\])(ld|CMAKE_LINK_STARTFILE-NOTFOUND|([^/\]+-)?ld|collect2)[^/\]*( |$)]
  ignore line: [Change Dir: /home/arun/Desktop/typeflexer-llvm-test-suite/build/CMakeFiles/CMakeTmp]
  ignore line: []
  ignore line: [Run Build Command(s):/usr/bin/make cmTC_2764c/fast && /usr/bin/make -f CMakeFiles/cmTC_2764c.dir/build.make CMakeFiles/cmTC_2764c.dir/build]
  ignore line: [make[1]: Entering directory '/home/arun/Desktop/typeflexer-llvm-test-suite/build/CMakeFiles/CMakeTmp']
  ignore line: [Building CXX object CMakeFiles/cmTC_2764c.dir/CMakeCXXCompilerABI.cpp.o]
  ignore line: [/usr/bin/g++    -v -o CMakeFiles/cmTC_2764c.dir/CMakeCXXCompilerABI.cpp.o -c /usr/share/cmake-3.16/Modules/CMakeCXXCompilerABI.cpp]
  ignore line: [Using built-in specs.]
  ignore line: [COLLECT_GCC=/usr/bin/g++]
  ignore line: [OFFLOAD_TARGET_NAMES=nvptx-none:hsa]
  ignore line: [OFFLOAD_TARGET_DEFAULT=1]
  ignore line: [Target: x86_64-linux-gnu]
  ignore line: [Configured with: ../src/configure -v --with-pkgversion='Ubuntu 9.4.0-1ubuntu1~20.04.1' --with-bugurl=file:///usr/share/doc/gcc-9/README.Bugs --enable-languages=c ada c++ go brig d fortran objc obj-c++ gm2 --prefix=/usr --with-gcc-major-version-only --program-suffix=-9 --program-prefix=x86_64-linux-gnu- --enable-shared --enable-linker-build-id --libexecdir=/usr/lib --without-included-gettext --enable-threads=posix --libdir=/usr/lib --enable-nls --enable-clocale=gnu --enable-libstdcxx-debug --enable-libstdcxx-time=yes --with-default-libstdcxx-abi=new --enable-gnu-unique-object --disable-vtable-verify --enable-plugin --enable-default-pie --with-system-zlib --with-target-system-zlib=auto --enable-objc-gc=auto --enable-multiarch --disable-werror --with-arch-32=i686 --with-abi=m64 --with-multilib-list=m32 m64 mx32 --enable-multilib --with-tune=generic --enable-offload-targets=nvptx-none=/build/gcc-9-Av3uEd/gcc-9-9.4.0/debian/tmp-nvptx/usr hsa --without-cuda-driver --enable-checking=release --build=x86_64-linux-gnu --host=x86_64-linux-gnu --target=x86_64-linux-gnu]
  ignore line: [Thread model: posix]
  ignore line: [gcc version 9.4.0 (Ubuntu 9.4.0-1ubuntu1~20.04.1) ]
  ignore line: [COLLECT_GCC_OPTIONS='-v' '-o' 'CMakeFiles/cmTC_2764c.dir/CMakeCXXCompilerABI.cpp.o' '-c' '-shared-libgcc' '-mtune=generic' '-march=x86-64']
  ignore line: [ /usr/lib/gcc/x86_64-linux-gnu/9/cc1plus -quiet -v -imultiarch x86_64-linux-gnu -D_GNU_SOURCE /usr/share/cmake-3.16/Modules/CMakeCXXCompilerABI.cpp -quiet -dumpbase CMakeCXXCompilerABI.cpp -mtune=generic -march=x86-64 -auxbase-strip CMakeFiles/cmTC_2764c.dir/CMakeCXXCompilerABI.cpp.o -version -fasynchronous-unwind-tables -fstack-protector-strong -Wformat -Wformat-security -fstack-clash-protection -fcf-protection -o /tmp/cc4j1vcJ.s]
  ignore line: [GNU C++14 (Ubuntu 9.4.0-1ubuntu1~20.04.1) version 9.4.0 (x86_64-linux-gnu)]
  ignore line: [	compiled by GNU C version 9.4.0  GMP version 6.2.0  MPFR version 4.0.2  MPC version 1.1.0  isl version isl-0.22.1-GMP]
  ignore line: []
  ignore line: [GGC heuristics: --param ggc-min-expand=100 --param ggc-min-heapsize=131072]
  ignore line: [ignoring duplicate directory "/usr/include/x86_64-linux-gnu/c++/9"]
  ignore line: [ignoring nonexistent directory "/usr/local/include/x86_64-linux-gnu"]
  ignore line: [ignoring nonexistent directory "/usr/lib/gcc/x86_64-linux-gnu/9/include-fixed"]
  ignore line: [ignoring nonexistent directory "/usr/lib/gcc/x86_64-linux-gnu/9/../../../../x86_64-linux-gnu/include"]
  ignore line: [#include "..." search starts here:]
  ignore line: [#include <...> search starts here:]
  ignore line: [ /usr/include/c++/9]
  ignore line: [ /usr/include/x86_64-linux-gnu/c++/9]
  ignore line: [ /usr/include/c++/9/backward]
  ignore line: [ /usr/lib/gcc/x86_64-linux-gnu/9/include]
  ignore line: [ /usr/local/include]
  ignore line: [ /usr/include/x86_64-linux-gnu]
  ignore line: [ /usr/include]
  ignore line: [End of search list.]
  ignore line: [GNU C++14 (Ubuntu 9.4.0-1ubuntu1~20.04.1) version 9.4.0 (x86_64-linux-gnu)]
  ignore line: [	compiled by GNU C version 9.4.0  GMP version 6.2.0  MPFR version 4.0.2  MPC version 1.1.0  isl version isl-0.22.1-GMP]
  ignore line: []
  ignore line: [GGC heuristics: --param ggc-min-expand=100 --param ggc-min-heapsize=131072]
  ignore line: [Compiler executable checksum: 65fe925b83d3956b533de4aaba7dace0]
  ignore line: [COLLECT_GCC_OPTIONS='-v' '-o' 'CMakeFiles/cmTC_2764c.dir/CMakeCXXCompilerABI.cpp.o' '-c' '-shared-libgcc' '-mtune=generic' '-march=x86-64']
  ignore line: [ as -v --64 -o CMakeFiles/cmTC_2764c.dir/CMakeCXXCompilerABI.cpp.o /tmp/cc4j1vcJ.s]
  ignore line: [GNU assembler version 2.34 (x86_64-linux-gnu) using BFD version (GNU Binutils for Ubuntu) 2.34]
  ignore line: [COMPILER_PATH=/usr/lib/gcc/x86_64-linux-gnu/9/:/usr/lib/gcc/x86_64-linux-gnu/9/:/usr/lib/gcc/x86_64-linux-gnu/:/usr/lib/gcc/x86_64-linux-gnu/9/:/usr/lib/gcc/x86_64-linux-gnu/]
  ignore line: [LIBRARY_PATH=/usr/lib/gcc/x86_64-linux-gnu/9/:/usr/lib/gcc/x86_64-linux-gnu/9/../../../x86_64-linux-gnu/:/usr/lib/gcc/x86_64-linux-gnu/9/../../../../lib/:/lib/x86_64-linux-gnu/:/lib/../lib/:/usr/lib/x86_64-linux-gnu/:/usr/lib/../lib/:/usr/lib/gcc/x86_64-linux-gnu/9/../../../:/lib/:/usr/lib/]
  ignore line: [COLLECT_GCC_OPTIONS='-v' '-o' 'CMakeFiles/cmTC_2764c.dir/CMakeCXXCompilerABI.cpp.o' '-c' '-shared-libgcc' '-mtune=generic' '-march=x86-64']
  ignore line: [Linking CXX executable cmTC_2764c]
  ignore line: [/usr/bin/cmake -E cmake_link_script CMakeFiles/cmTC_2764c.dir/link.txt --verbose=1]
  ignore line: [/usr/bin/g++      -v CMakeFiles/cmTC_2764c.dir/CMakeCXXCompilerABI.cpp.o  -o cmTC_2764c ]
  ignore line: [Using built-in specs.]
  ignore line: [COLLECT_GCC=/usr/bin/g++]
  ignore line: [COLLECT_LTO_WRAPPER=/usr/lib/gcc/x86_64-linux-gnu/9/lto-wrapper]
  ignore line: [OFFLOAD_TARGET_NAMES=nvptx-none:hsa]
  ignore line: [OFFLOAD_TARGET_DEFAULT=1]
  ignore line: [Target: x86_64-linux-gnu]
  ignore line: [Configured with: ../src/configure -v --with-pkgversion='Ubuntu 9.4.0-1ubuntu1~20.04.1' --with-bugurl=file:///usr/share/doc/gcc-9/README.Bugs --enable-languages=c ada c++ go brig d fortran objc obj-c++ gm2 --prefix=/usr --with-gcc-major-version-only --program-suffix=-9 --program-prefix=x86_64-linux-gnu- --enable-shared --enable-linker-build-id --libexecdir=/usr/lib --without-included-gettext --enable-threads=posix --libdir=/usr/lib --enable-nls --enable-clocale=gnu --enable-libstdcxx-debug --enable-libstdcxx-time=yes --with-default-libstdcxx-abi=new --enable-gnu-unique-object --disable-vtable-verify --enable-plugin --enable-default-pie --with-system-zlib --with-target-system-zlib=auto --enable-objc-gc=auto --enable-multiarch --disable-werror --with-arch-32=i686 --with-abi=m64 --with-multilib-list=m32 m64 mx32 --enable-multilib --with-tune=generic --enable-offload-targets=nvptx-none=/build/gcc-9-Av3uEd/gcc-9-9.4.0/debian/tmp-nvptx/usr hsa --without-cuda-driver --enable-checking=release --build=x86_64-linux-gnu --host=x86_64-linux-gnu --target=x86_64-linux-gnu]
  ignore line: [Thread model: posix]
  ignore line: [gcc version 9.4.0 (Ubuntu 9.4.0-1ubuntu1~20.04.1) ]
  ignore line: [COMPILER_PATH=/usr/lib/gcc/x86_64-linux-gnu/9/:/usr/lib/gcc/x86_64-linux-gnu/9/:/usr/lib/gcc/x86_64-linux-gnu/:/usr/lib/gcc/x86_64-linux-gnu/9/:/usr/lib/gcc/x86_64-linux-gnu/]
  ignore line: [LIBRARY_PATH=/usr/lib/gcc/x86_64-linux-gnu/9/:/usr/lib/gcc/x86_64-linux-gnu/9/../../../x86_64-linux-gnu/:/usr/lib/gcc/x86_64-linux-gnu/9/../../../../lib/:/lib/x86_64-linux-gnu/:/lib/../lib/:/usr/lib/x86_64-linux-gnu/:/usr/lib/../lib/:/usr/lib/gcc/x86_64-linux-gnu/9/../../../:/lib/:/usr/lib/]
  ignore line: [COLLECT_GCC_OPTIONS='-v' '-o' 'cmTC_2764c' '-shared-libgcc' '-mtune=generic' '-march=x86-64']
  link line: [ /usr/lib/gcc/x86_64-linux-gnu/9/collect2 -plugin /usr/lib/gcc/x86_64-linux-gnu/9/liblto_plugin.so -plugin-opt=/usr/lib/gcc/x86_64-linux-gnu/9/lto-wrapper -plugin-opt=-fresolution=/tmp/ccvlsWx9.res -plugin-opt=-pass-through=-lgcc_s -plugin-opt=-pass-through=-lgcc -plugin-opt=-pass-through=-lc -plugin-opt=-pass-through=-lgcc_s -plugin-opt=-pass-through=-lgcc --build-id --eh-frame-hdr -m elf_x86_64 --hash-style=gnu --as-needed -dynamic-linker /lib64/ld-linux-x86-64.so.2 -pie -z now -z relro -o cmTC_2764c /usr/lib/gcc/x86_64-linux-gnu/9/../../../x86_64-linux-gnu/Scrt1.o /usr/lib/gcc/x86_64-linux-gnu/9/../../../x86_64-linux-gnu/crti.o /usr/lib/gcc/x86_64-linux-gnu/9/crtbeginS.o -L/usr/lib/gcc/x86_64-linux-gnu/9 -L/usr/lib/gcc/x86_64-linux-gnu/9/../../../x86_64-linux-gnu -L/usr/lib/gcc/x86_64-linux-gnu/9/../../../../lib -L/lib/x86_64-linux-gnu -L/lib/../lib -L/usr/lib/x86_64-linux-gnu -L/usr/lib/../lib -L/usr/lib/gcc/x86_64-linux-gnu/9/../../.. CMakeFiles/cmTC_2764c.dir/CMakeCXXCompilerABI.cpp.o -lstdc++ -lm -lgcc_s -lgcc -lc -lgcc_s -lgcc /usr/lib/gcc/x86_64-linux-gnu/9/crtendS.o /usr/lib/gcc/x86_64-linux-gnu/9/../../../x86_64-linux-gnu/crtn.o]
    arg [/usr/lib/gcc/x86_64-linux-gnu/9/collect2] ==> ignore
    arg [-plugin] ==> ignore
    arg [/usr/lib/gcc/x86_64-linux-gnu/9/liblto_plugin.so] ==> ignore
    arg [-plugin-opt=/usr/lib/gcc/x86_64-linux-gnu/9/lto-wrapper] ==> ignore
    arg [-plugin-opt=-fresolution=/tmp/ccvlsWx9.res] ==> ignore
    arg [-plugin-opt=-pass-through=-lgcc_s] ==> ignore
    arg [-plugin-opt=-pass-through=-lgcc] ==> ignore
    arg [-plugin-opt=-pass-through=-lc] ==> ignore
    arg [-plugin-opt=-pass-through=-lgcc_s] ==> ignore
    arg [-plugin-opt=-pass-through=-lgcc] ==> ignore
    arg [--build-id] ==> ignore
    arg [--eh-frame-hdr] ==> ignore
    arg [-m] ==> ignore
    arg [elf_x86_64] ==> ignore
    arg [--hash-style=gnu] ==> ignore
    arg [--as-needed] ==> ignore
    arg [-dynamic-linker] ==> ignore
    arg [/lib64/ld-linux-x86-64.so.2] ==> ignore
    arg [-pie] ==> ignore
    arg [-znow] ==> ignore
    arg [-zrelro] ==> ignore
    arg [-o] ==> ignore
    arg [cmTC_2764c] ==> ignore
    arg [/usr/lib/gcc/x86_64-linux-gnu/9/../../../x86_64-linux-gnu/Scrt1.o] ==> ignore
    arg [/usr/lib/gcc/x86_64-linux-gnu/9/../../../x86_64-linux-gnu/crti.o] ==> ignore
    arg [/usr/lib/gcc/x86_64-linux-gnu/9/crtbeginS.o] ==> ignore
    arg [-L/usr/lib/gcc/x86_64-linux-gnu/9] ==> dir [/usr/lib/gcc/x86_64-linux-gnu/9]
    arg [-L/usr/lib/gcc/x86_64-linux-gnu/9/../../../x86_64-linux-gnu] ==> dir [/usr/lib/gcc/x86_64-linux-gnu/9/../../../x86_64-linux-gnu]
    arg [-L/usr/lib/gcc/x86_64-linux-gnu/9/../../../../lib] ==> dir [/usr/lib/gcc/x86_64-linux-gnu/9/../../../../lib]
    arg [-L/lib/x86_64-linux-gnu] ==> dir [/lib/x86_64-linux-gnu]
    arg [-L/lib/../lib] ==> dir [/lib/../lib]
    arg [-L/usr/lib/x86_64-linux-gnu] ==> dir [/usr/lib/x86_64-linux-gnu]
    arg [-L/usr/lib/../lib] ==> dir [/usr/lib/../lib]
    arg [-L/usr/lib/gcc/x86_64-linux-gnu/9/../../..] ==> dir [/usr/lib/gcc/x86_64-linux-gnu/9/../../..]
    arg [CMakeFiles/cmTC_2764c.dir/CMakeCXXCompilerABI.cpp.o] ==> ignore
    arg [-lstdc++] ==> lib [stdc++]
    arg [-lm] ==> lib [m]
    arg [-lgcc_s] ==> lib [gcc_s]
    arg [-lgcc] ==> lib [gcc]
    arg [-lc] ==> lib [c]
    arg [-lgcc_s] ==> lib [gcc_s]
    arg [-lgcc] ==> lib [gcc]
    arg [/usr/lib/gcc/x86_64-linux-gnu/9/crtendS.o] ==> ignore
    arg [/usr/lib/gcc/x86_64-linux-gnu/9/../../../x86_64-linux-gnu/crtn.o] ==> ignore
  collapse library dir [/usr/lib/gcc/x86_64-linux-gnu/9] ==> [/usr/lib/gcc/x86_64-linux-gnu/9]
  collapse library dir [/usr/lib/gcc/x86_64-linux-gnu/9/../../../x86_64-linux-gnu] ==> [/usr/lib/x86_64-linux-gnu]
  collapse library dir [/usr/lib/gcc/x86_64-linux-gnu/9/../../../../lib] ==> [/usr/lib]
  collapse library dir [/lib/x86_64-linux-gnu] ==> [/lib/x86_64-linux-gnu]
  collapse library dir [/lib/../lib] ==> [/lib]
  collapse library dir [/usr/lib/x86_64-linux-gnu] ==> [/usr/lib/x86_64-linux-gnu]
  collapse library dir [/usr/lib/../lib] ==> [/usr/lib]
  collapse library dir [/usr/lib/gcc/x86_64-linux-gnu/9/../../..] ==> [/usr/lib]
  implicit libs: [stdc++;m;gcc_s;gcc;c;gcc_s;gcc]
  implicit dirs: [/usr/lib/gcc/x86_64-linux-gnu/9;/usr/lib/x86_64-linux-gnu;/usr/lib;/lib/x86_64-linux-gnu;/lib]
  implicit fwks: []


Detecting CXX OpenMP compiler ABI info compiled with the following output:
Change Dir: /home/arun/Desktop/typeflexer-llvm-test-suite/build/CMakeFiles/CMakeTmp

Run Build Command(s):/usr/bin/make cmTC_b05fb/fast && /usr/bin/make -f CMakeFiles/cmTC_b05fb.dir/build.make CMakeFiles/cmTC_b05fb.dir/build
make[1]: Entering directory '/home/arun/Desktop/typeflexer-llvm-test-suite/build/CMakeFiles/CMakeTmp'
Building CXX object CMakeFiles/cmTC_b05fb.dir/OpenMPTryFlag.cpp.o
/usr/bin/g++    -fopenmp -v   -o CMakeFiles/cmTC_b05fb.dir/OpenMPTryFlag.cpp.o -c /home/arun/Desktop/typeflexer-llvm-test-suite/build/CMakeFiles/FindOpenMP/OpenMPTryFlag.cpp
Using built-in specs.
COLLECT_GCC=/usr/bin/g++
OFFLOAD_TARGET_NAMES=nvptx-none:hsa
OFFLOAD_TARGET_DEFAULT=1
Target: x86_64-linux-gnu
Configured with: ../src/configure -v --with-pkgversion='Ubuntu 9.4.0-1ubuntu1~20.04.1' --with-bugurl=file:///usr/share/doc/gcc-9/README.Bugs --enable-languages=c,ada,c++,go,brig,d,fortran,objc,obj-c++,gm2 --prefix=/usr --with-gcc-major-version-only --program-suffix=-9 --program-prefix=x86_64-linux-gnu- --enable-shared --enable-linker-build-id --libexecdir=/usr/lib --without-included-gettext --enable-threads=posix --libdir=/usr/lib --enable-nls --enable-clocale=gnu --enable-libstdcxx-debug --enable-libstdcxx-time=yes --with-default-libstdcxx-abi=new --enable-gnu-unique-object --disable-vtable-verify --enable-plugin --enable-default-pie --with-system-zlib --with-target-system-zlib=auto --enable-objc-gc=auto --enable-multiarch --disable-werror --with-arch-32=i686 --with-abi=m64 --with-multilib-list=m32,m64,mx32 --enable-multilib --with-tune=generic --enable-offload-targets=nvptx-none=/build/gcc-9-Av3uEd/gcc-9-9.4.0/debian/tmp-nvptx/usr,hsa --without-cuda-driver --enable-checking=release --build=x86_64-linux-gnu --host=x86_64-linux-gnu --target=x86_64-linux-gnu
Thread model: posix
gcc version 9.4.0 (Ubuntu 9.4.0-1ubuntu1~20.04.1) 
COLLECT_GCC_OPTIONS='-fopenmp' '-v' '-o' 'CMakeFiles/cmTC_b05fb.dir/OpenMPTryFlag.cpp.o' '-c' '-shared-libgcc' '-mtune=generic' '-march=x86-64' '-pthread'
 /usr/lib/gcc/x86_64-linux-gnu/9/cc1plus -quiet -v -imultiarch x86_64-linux-gnu -D_GNU_SOURCE -D_REENTRANT /home/arun/Desktop/typeflexer-llvm-test-suite/build/CMakeFiles/FindOpenMP/OpenMPTryFlag.cpp -quiet -dumpbase OpenMPTryFlag.cpp -mtune=generic -march=x86-64 -auxbase-strip CMakeFiles/cmTC_b05fb.dir/OpenMPTryFlag.cpp.o -version -fopenmp -fasynchronous-unwind-tables -fstack-protector-strong -Wformat -Wformat-security -fstack-clash-protection -fcf-protection -o /tmp/ccRrUE2P.s
GNU C++14 (Ubuntu 9.4.0-1ubuntu1~20.04.1) version 9.4.0 (x86_64-linux-gnu)
	compiled by GNU C version 9.4.0, GMP version 6.2.0, MPFR version 4.0.2, MPC version 1.1.0, isl version isl-0.22.1-GMP

GGC heuristics: --param ggc-min-expand=100 --param ggc-min-heapsize=131072
ignoring duplicate directory "/usr/include/x86_64-linux-gnu/c++/9"
ignoring nonexistent directory "/usr/local/include/x86_64-linux-gnu"
ignoring nonexistent directory "/usr/lib/gcc/x86_64-linux-gnu/9/include-fixed"
ignoring nonexistent directory "/usr/lib/gcc/x86_64-linux-gnu/9/../../../../x86_64-linux-gnu/include"
#include "..." search starts here:
#include <...> search starts here:
 /usr/include/c++/9
 /usr/include/x86_64-linux-gnu/c++/9
 /usr/include/c++/9/backward
 /usr/lib/gcc/x86_64-linux-gnu/9/include
 /usr/local/include
 /usr/include/x86_64-linux-gnu
 /usr/include
End of search list.
GNU C++14 (Ubuntu 9.4.0-1ubuntu1~20.04.1) version 9.4.0 (x86_64-linux-gnu)
	compiled by GNU C version 9.4.0, GMP version 6.2.0, MPFR version 4.0.2, MPC version 1.1.0, isl version isl-0.22.1-GMP

GGC heuristics: --param ggc-min-expand=100 --param ggc-min-heapsize=131072
Compiler executable checksum: 65fe925b83d3956b533de4aaba7dace0
COLLECT_GCC_OPTIONS='-fopenmp' '-v' '-o' 'CMakeFiles/cmTC_b05fb.dir/OpenMPTryFlag.cpp.o' '-c' '-shared-libgcc' '-mtune=generic' '-march=x86-64' '-pthread'
 as -v --64 -o CMakeFiles/cmTC_b05fb.dir/OpenMPTryFlag.cpp.o /tmp/ccRrUE2P.s
GNU assembler version 2.34 (x86_64-linux-gnu) using BFD version (GNU Binutils for Ubuntu) 2.34
COMPILER_PATH=/usr/lib/gcc/x86_64-linux-gnu/9/:/usr/lib/gcc/x86_64-linux-gnu/9/:/usr/lib/gcc/x86_64-linux-gnu/:/usr/lib/gcc/x86_64-linux-gnu/9/:/usr/lib/gcc/x86_64-linux-gnu/
LIBRARY_PATH=/usr/lib/gcc/x86_64-linux-gnu/9/:/usr/lib/gcc/x86_64-linux-gnu/9/../../../x86_64-linux-gnu/:/usr/lib/gcc/x86_64-linux-gnu/9/../../../../lib/:/lib/x86_64-linux-gnu/:/lib/../lib/:/usr/lib/x86_64-linux-gnu/:/usr/lib/../lib/:/usr/lib/gcc/x86_64-linux-gnu/9/../../../:/lib/:/usr/lib/
COLLECT_GCC_OPTIONS='-fopenmp' '-v' '-o' 'CMakeFiles/cmTC_b05fb.dir/OpenMPTryFlag.cpp.o' '-c' '-shared-libgcc' '-mtune=generic' '-march=x86-64' '-pthread'
Linking CXX executable cmTC_b05fb
/usr/bin/cmake -E cmake_link_script CMakeFiles/cmTC_b05fb.dir/link.txt --verbose=1
/usr/bin/g++      -fopenmp -v       CMakeFiles/cmTC_b05fb.dir/OpenMPTryFlag.cpp.o  -o cmTC_b05fb  -v 
Using built-in specs.
COLLECT_GCC=/usr/bin/g++
COLLECT_LTO_WRAPPER=/usr/lib/gcc/x86_64-linux-gnu/9/lto-wrapper
OFFLOAD_TARGET_NAMES=nvptx-none:hsa
OFFLOAD_TARGET_DEFAULT=1
Target: x86_64-linux-gnu
Configured with: ../src/configure -v --with-pkgversion='Ubuntu 9.4.0-1ubuntu1~20.04.1' --with-bugurl=file:///usr/share/doc/gcc-9/README.Bugs --enable-languages=c,ada,c++,go,brig,d,fortran,objc,obj-c++,gm2 --prefix=/usr --with-gcc-major-version-only --program-suffix=-9 --program-prefix=x86_64-linux-gnu- --enable-shared --enable-linker-build-id --libexecdir=/usr/lib --without-included-gettext --enable-threads=posix --libdir=/usr/lib --enable-nls --enable-clocale=gnu --enable-libstdcxx-debug --enable-libstdcxx-time=yes --with-default-libstdcxx-abi=new --enable-gnu-unique-object --disable-vtable-verify --enable-plugin --enable-default-pie --with-system-zlib --with-target-system-zlib=auto --enable-objc-gc=auto --enable-multiarch --disable-werror --with-arch-32=i686 --with-abi=m64 --with-multilib-list=m32,m64,mx32 --enable-multilib --with-tune=generic --enable-offload-targets=nvptx-none=/build/gcc-9-Av3uEd/gcc-9-9.4.0/debian/tmp-nvptx/usr,hsa --without-cuda-driver --enable-checking=release --build=x86_64-linux-gnu --host=x86_64-linux-gnu --target=x86_64-linux-gnu
Thread model: posix
gcc version 9.4.0 (Ubuntu 9.4.0-1ubuntu1~20.04.1) 
COMPILER_PATH=/usr/lib/gcc/x86_64-linux-gnu/9/:/usr/lib/gcc/x86_64-linux-gnu/9/:/usr/lib/gcc/x86_64-linux-gnu/:/usr/lib/gcc/x86_64-linux-gnu/9/:/usr/lib/gcc/x86_64-linux-gnu/
LIBRARY_PATH=/usr/lib/gcc/x86_64-linux-gnu/9/:/usr/lib/gcc/x86_64-linux-gnu/9/../../../x86_64-linux-gnu/:/usr/lib/gcc/x86_64-linux-gnu/9/../../../../lib/:/lib/x86_64-linux-gnu/:/lib/../lib/:/usr/lib/x86_64-linux-gnu/:/usr/lib/../lib/:/usr/lib/gcc/x86_64-linux-gnu/9/../../../:/lib/:/usr/lib/
Reading specs from /usr/lib/gcc/x86_64-linux-gnu/9/libgomp.spec
COLLECT_GCC_OPTIONS='-fopenmp' '-v' '-o' 'cmTC_b05fb' '-v' '-shared-libgcc' '-mtune=generic' '-march=x86-64' '-pthread'
 /usr/lib/gcc/x86_64-linux-gnu/9/collect2 -plugin /usr/lib/gcc/x86_64-linux-gnu/9/liblto_plugin.so -plugin-opt=/usr/lib/gcc/x86_64-linux-gnu/9/lto-wrapper -plugin-opt=-fresolution=/tmp/ccou7yhk.res -plugin-opt=-pass-through=-lgcc_s -plugin-opt=-pass-through=-lgcc -plugin-opt=-pass-through=-lpthread -plugin-opt=-pass-through=-lc -plugin-opt=-pass-through=-lgcc_s -plugin-opt=-pass-through=-lgcc --build-id --eh-frame-hdr -m elf_x86_64 --hash-style=gnu --as-needed -dynamic-linker /lib64/ld-linux-x86-64.so.2 -pie -z now -z relro -o cmTC_b05fb /usr/lib/gcc/x86_64-linux-gnu/9/../../../x86_64-linux-gnu/Scrt1.o /usr/lib/gcc/x86_64-linux-gnu/9/../../../x86_64-linux-gnu/crti.o /usr/lib/gcc/x86_64-linux-gnu/9/crtbeginS.o /usr/lib/gcc/x86_64-linux-gnu/9/crtoffloadbegin.o -L/usr/lib/gcc/x86_64-linux-gnu/9 -L/usr/lib/gcc/x86_64-linux-gnu/9/../../../x86_64-linux-gnu -L/usr/lib/gcc/x86_64-linux-gnu/9/../../../../lib -L/lib/x86_64-linux-gnu -L/lib/../lib -L/usr/lib/x86_64-linux-gnu -L/usr/lib/../lib -L/usr/lib/gcc/x86_64-linux-gnu/9/../../.. CMakeFiles/cmTC_b05fb.dir/OpenMPTryFlag.cpp.o -lstdc++ -lm -lgomp -lgcc_s -lgcc -lpthread -lc -lgcc_s -lgcc /usr/lib/gcc/x86_64-linux-gnu/9/crtendS.o /usr/lib/gcc/x86_64-linux-gnu/9/../../../x86_64-linux-gnu/crtn.o /usr/lib/gcc/x86_64-linux-gnu/9/crtoffloadend.o
COLLECT_GCC_OPTIONS='-fopenmp' '-v' '-o' 'cmTC_b05fb' '-v' '-shared-libgcc' '-mtune=generic' '-march=x86-64' '-pthread'
make[1]: Leaving directory '/home/arun/Desktop/typeflexer-llvm-test-suite/build/CMakeFiles/CMakeTmp'



Parsed CXX OpenMP implicit link information from above output:
  link line regex: [^( *|.*[/\])(ld|CMAKE_LINK_STARTFILE-NOTFOUND|([^/\]+-)?ld|collect2)[^/\]*( |$)]
  ignore line: [Change Dir: /home/arun/Desktop/typeflexer-llvm-test-suite/build/CMakeFiles/CMakeTmp]
  ignore line: []
  ignore line: [Run Build Command(s):/usr/bin/make cmTC_b05fb/fast && /usr/bin/make -f CMakeFiles/cmTC_b05fb.dir/build.make CMakeFiles/cmTC_b05fb.dir/build]
  ignore line: [make[1]: Entering directory '/home/arun/Desktop/typeflexer-llvm-test-suite/build/CMakeFiles/CMakeTmp']
  ignore line: [Building CXX object CMakeFiles/cmTC_b05fb.dir/OpenMPTryFlag.cpp.o]
  ignore line: [/usr/bin/g++    -fopenmp -v   -o CMakeFiles/cmTC_b05fb.dir/OpenMPTryFlag.cpp.o -c /home/arun/Desktop/typeflexer-llvm-test-suite/build/CMakeFiles/FindOpenMP/OpenMPTryFlag.cpp]
  ignore line: [Using built-in specs.]
  ignore line: [COLLECT_GCC=/usr/bin/g++]
  ignore line: [OFFLOAD_TARGET_NAMES=nvptx-none:hsa]
  ignore line: [OFFLOAD_TARGET_DEFAULT=1]
  ignore line: [Target: x86_64-linux-gnu]
  ignore line: [Configured with: ../src/configure -v --with-pkgversion='Ubuntu 9.4.0-1ubuntu1~20.04.1' --with-bugurl=file:///usr/share/doc/gcc-9/README.Bugs --enable-languages=c ada c++ go brig d fortran objc obj-c++ gm2 --prefix=/usr --with-gcc-major-version-only --program-suffix=-9 --program-prefix=x86_64-linux-gnu- --enable-shared --enable-linker-build-id --libexecdir=/usr/lib --without-included-gettext --enable-threads=posix --libdir=/usr/lib --enable-nls --enable-clocale=gnu --enable-libstdcxx-debug --enable-libstdcxx-time=yes --with-default-libstdcxx-abi=new --enable-gnu-unique-object --disable-vtable-verify --enable-plugin --enable-default-pie --with-system-zlib --with-target-system-zlib=auto --enable-objc-gc=auto --enable-multiarch --disable-werror --with-arch-32=i686 --with-abi=m64 --with-multilib-list=m32 m64 mx32 --enable-multilib --with-tune=generic --enable-offload-targets=nvptx-none=/build/gcc-9-Av3uEd/gcc-9-9.4.0/debian/tmp-nvptx/usr hsa --without-cuda-driver --enable-checking=release --build=x86_64-linux-gnu --host=x86_64-linux-gnu --target=x86_64-linux-gnu]
  ignore line: [Thread model: posix]
  ignore line: [gcc version 9.4.0 (Ubuntu 9.4.0-1ubuntu1~20.04.1) ]
  ignore line: [COLLECT_GCC_OPTIONS='-fopenmp' '-v' '-o' 'CMakeFiles/cmTC_b05fb.dir/OpenMPTryFlag.cpp.o' '-c' '-shared-libgcc' '-mtune=generic' '-march=x86-64' '-pthread']
  ignore line: [ /usr/lib/gcc/x86_64-linux-gnu/9/cc1plus -quiet -v -imultiarch x86_64-linux-gnu -D_GNU_SOURCE -D_REENTRANT /home/arun/Desktop/typeflexer-llvm-test-suite/build/CMakeFiles/FindOpenMP/OpenMPTryFlag.cpp -quiet -dumpbase OpenMPTryFlag.cpp -mtune=generic -march=x86-64 -auxbase-strip CMakeFiles/cmTC_b05fb.dir/OpenMPTryFlag.cpp.o -version -fopenmp -fasynchronous-unwind-tables -fstack-protector-strong -Wformat -Wformat-security -fstack-clash-protection -fcf-protection -o /tmp/ccRrUE2P.s]
  ignore line: [GNU C++14 (Ubuntu 9.4.0-1ubuntu1~20.04.1) version 9.4.0 (x86_64-linux-gnu)]
  ignore line: [	compiled by GNU C version 9.4.0  GMP version 6.2.0  MPFR version 4.0.2  MPC version 1.1.0  isl version isl-0.22.1-GMP]
  ignore line: []
  ignore line: [GGC heuristics: --param ggc-min-expand=100 --param ggc-min-heapsize=131072]
  ignore line: [ignoring duplicate directory "/usr/include/x86_64-linux-gnu/c++/9"]
  ignore line: [ignoring nonexistent directory "/usr/local/include/x86_64-linux-gnu"]
  ignore line: [ignoring nonexistent directory "/usr/lib/gcc/x86_64-linux-gnu/9/include-fixed"]
  ignore line: [ignoring nonexistent directory "/usr/lib/gcc/x86_64-linux-gnu/9/../../../../x86_64-linux-gnu/include"]
  ignore line: [#include "..." search starts here:]
  ignore line: [#include <...> search starts here:]
  ignore line: [ /usr/include/c++/9]
  ignore line: [ /usr/include/x86_64-linux-gnu/c++/9]
  ignore line: [ /usr/include/c++/9/backward]
  ignore line: [ /usr/lib/gcc/x86_64-linux-gnu/9/include]
  ignore line: [ /usr/local/include]
  ignore line: [ /usr/include/x86_64-linux-gnu]
  ignore line: [ /usr/include]
  ignore line: [End of search list.]
  ignore line: [GNU C++14 (Ubuntu 9.4.0-1ubuntu1~20.04.1) version 9.4.0 (x86_64-linux-gnu)]
  ignore line: [	compiled by GNU C version 9.4.0  GMP version 6.2.0  MPFR version 4.0.2  MPC version 1.1.0  isl version isl-0.22.1-GMP]
  ignore line: []
  ignore line: [GGC heuristics: --param ggc-min-expand=100 --param ggc-min-heapsize=131072]
  ignore line: [Compiler executable checksum: 65fe925b83d3956b533de4aaba7dace0]
  ignore line: [COLLECT_GCC_OPTIONS='-fopenmp' '-v' '-o' 'CMakeFiles/cmTC_b05fb.dir/OpenMPTryFlag.cpp.o' '-c' '-shared-libgcc' '-mtune=generic' '-march=x86-64' '-pthread']
  ignore line: [ as -v --64 -o CMakeFiles/cmTC_b05fb.dir/OpenMPTryFlag.cpp.o /tmp/ccRrUE2P.s]
  ignore line: [GNU assembler version 2.34 (x86_64-linux-gnu) using BFD version (GNU Binutils for Ubuntu) 2.34]
  ignore line: [COMPILER_PATH=/usr/lib/gcc/x86_64-linux-gnu/9/:/usr/lib/gcc/x86_64-linux-gnu/9/:/usr/lib/gcc/x86_64-linux-gnu/:/usr/lib/gcc/x86_64-linux-gnu/9/:/usr/lib/gcc/x86_64-linux-gnu/]
  ignore line: [LIBRARY_PATH=/usr/lib/gcc/x86_64-linux-gnu/9/:/usr/lib/gcc/x86_64-linux-gnu/9/../../../x86_64-linux-gnu/:/usr/lib/gcc/x86_64-linux-gnu/9/../../../../lib/:/lib/x86_64-linux-gnu/:/lib/../lib/:/usr/lib/x86_64-linux-gnu/:/usr/lib/../lib/:/usr/lib/gcc/x86_64-linux-gnu/9/../../../:/lib/:/usr/lib/]
  ignore line: [COLLECT_GCC_OPTIONS='-fopenmp' '-v' '-o' 'CMakeFiles/cmTC_b05fb.dir/OpenMPTryFlag.cpp.o' '-c' '-shared-libgcc' '-mtune=generic' '-march=x86-64' '-pthread']
  ignore line: [Linking CXX executable cmTC_b05fb]
  ignore line: [/usr/bin/cmake -E cmake_link_script CMakeFiles/cmTC_b05fb.dir/link.txt --verbose=1]
  ignore line: [/usr/bin/g++      -fopenmp -v       CMakeFiles/cmTC_b05fb.dir/OpenMPTryFlag.cpp.o  -o cmTC_b05fb  -v ]
  ignore line: [Using built-in specs.]
  ignore line: [COLLECT_GCC=/usr/bin/g++]
  ignore line: [COLLECT_LTO_WRAPPER=/usr/lib/gcc/x86_64-linux-gnu/9/lto-wrapper]
  ignore line: [OFFLOAD_TARGET_NAMES=nvptx-none:hsa]
  ignore line: [OFFLOAD_TARGET_DEFAULT=1]
  ignore line: [Target: x86_64-linux-gnu]
  ignore line: [Configured with: ../src/configure -v --with-pkgversion='Ubuntu 9.4.0-1ubuntu1~20.04.1' --with-bugurl=file:///usr/share/doc/gcc-9/README.Bugs --enable-languages=c ada c++ go brig d fortran objc obj-c++ gm2 --prefix=/usr --with-gcc-major-version-only --program-suffix=-9 --program-prefix=x86_64-linux-gnu- --enable-shared --enable-linker-build-id --libexecdir=/usr/lib --without-included-gettext --enable-threads=posix --libdir=/usr/lib --enable-nls --enable-clocale=gnu --enable-libstdcxx-debug --enable-libstdcxx-time=yes --with-default-libstdcxx-abi=new --enable-gnu-unique-object --disable-vtable-verify --enable-plugin --enable-default-pie --with-system-zlib --with-target-system-zlib=auto --enable-objc-gc=auto --enable-multiarch --disable-werror --with-arch-32=i686 --with-abi=m64 --with-multilib-list=m32 m64 mx32 --enable-multilib --with-tune=generic --enable-offload-targets=nvptx-none=/build/gcc-9-Av3uEd/gcc-9-9.4.0/debian/tmp-nvptx/usr hsa --without-cuda-driver --enable-checking=release --build=x86_64-linux-gnu --host=x86_64-linux-gnu --target=x86_64-linux-gnu]
  ignore line: [Thread model: posix]
  ignore line: [gcc version 9.4.0 (Ubuntu 9.4.0-1ubuntu1~20.04.1) ]
  ignore line: [COMPILER_PATH=/usr/lib/gcc/x86_64-linux-gnu/9/:/usr/lib/gcc/x86_64-linux-gnu/9/:/usr/lib/gcc/x86_64-linux-gnu/:/usr/lib/gcc/x86_64-linux-gnu/9/:/usr/lib/gcc/x86_64-linux-gnu/]
  ignore line: [LIBRARY_PATH=/usr/lib/gcc/x86_64-linux-gnu/9/:/usr/lib/gcc/x86_64-linux-gnu/9/../../../x86_64-linux-gnu/:/usr/lib/gcc/x86_64-linux-gnu/9/../../../../lib/:/lib/x86_64-linux-gnu/:/lib/../lib/:/usr/lib/x86_64-linux-gnu/:/usr/lib/../lib/:/usr/lib/gcc/x86_64-linux-gnu/9/../../../:/lib/:/usr/lib/]
  ignore line: [Reading specs from /usr/lib/gcc/x86_64-linux-gnu/9/libgomp.spec]
  ignore line: [COLLECT_GCC_OPTIONS='-fopenmp' '-v' '-o' 'cmTC_b05fb' '-v' '-shared-libgcc' '-mtune=generic' '-march=x86-64' '-pthread']
  link line: [ /usr/lib/gcc/x86_64-linux-gnu/9/collect2 -plugin /usr/lib/gcc/x86_64-linux-gnu/9/liblto_plugin.so -plugin-opt=/usr/lib/gcc/x86_64-linux-gnu/9/lto-wrapper -plugin-opt=-fresolution=/tmp/ccou7yhk.res -plugin-opt=-pass-through=-lgcc_s -plugin-opt=-pass-through=-lgcc -plugin-opt=-pass-through=-lpthread -plugin-opt=-pass-through=-lc -plugin-opt=-pass-through=-lgcc_s -plugin-opt=-pass-through=-lgcc --build-id --eh-frame-hdr -m elf_x86_64 --hash-style=gnu --as-needed -dynamic-linker /lib64/ld-linux-x86-64.so.2 -pie -z now -z relro -o cmTC_b05fb /usr/lib/gcc/x86_64-linux-gnu/9/../../../x86_64-linux-gnu/Scrt1.o /usr/lib/gcc/x86_64-linux-gnu/9/../../../x86_64-linux-gnu/crti.o /usr/lib/gcc/x86_64-linux-gnu/9/crtbeginS.o /usr/lib/gcc/x86_64-linux-gnu/9/crtoffloadbegin.o -L/usr/lib/gcc/x86_64-linux-gnu/9 -L/usr/lib/gcc/x86_64-linux-gnu/9/../../../x86_64-linux-gnu -L/usr/lib/gcc/x86_64-linux-gnu/9/../../../../lib -L/lib/x86_64-linux-gnu -L/lib/../lib -L/usr/lib/x86_64-linux-gnu -L/usr/lib/../lib -L/usr/lib/gcc/x86_64-linux-gnu/9/../../.. CMakeFiles/cmTC_b05fb.dir/OpenMPTryFlag.cpp.o -lstdc++ -lm -lgomp -lgcc_s -lgcc -lpthread -lc -lgcc_s -lgcc /usr/lib/gcc/x86_64-linux-gnu/9/crtendS.o /usr/lib/gcc/x86_64-linux-gnu/9/../../../x86_64-linux-gnu/crtn.o /usr/lib/gcc/x86_64-linux-gnu/9/crtoffloadend.o]
    arg [/usr/lib/gcc/x86_64-linux-gnu/9/collect2] ==> ignore
    arg [-plugin] ==> ignore
    arg [/usr/lib/gcc/x86_64-linux-gnu/9/liblto_plugin.so] ==> ignore
    arg [-plugin-opt=/usr/lib/gcc/x86_64-linux-gnu/9/lto-wrapper] ==> ignore
    arg [-plugin-opt=-fresolution=/tmp/ccou7yhk.res] ==> ignore
    arg [-plugin-opt=-pass-through=-lgcc_s] ==> ignore
    arg [-plugin-opt=-pass-through=-lgcc] ==> ignore
    arg [-plugin-opt=-pass-through=-lpthread] ==> ignore
    arg [-plugin-opt=-pass-through=-lc] ==> ignore
    arg [-plugin-opt=-pass-through=-lgcc_s] ==> ignore
    arg [-plugin-opt=-pass-through=-lgcc] ==> ignore
    arg [--build-id] ==> ignore
    arg [--eh-frame-hdr] ==> ignore
    arg [-m] ==> ignore
    arg [elf_x86_64] ==> ignore
    arg [--hash-style=gnu] ==> ignore
    arg [--as-needed] ==> ignore
    arg [-dynamic-linker] ==> ignore
    arg [/lib64/ld-linux-x86-64.so.2] ==> ignore
    arg [-pie] ==> ignore
    arg [-znow] ==> ignore
    arg [-zrelro] ==> ignore
    arg [-o] ==> ignore
    arg [cmTC_b05fb] ==> ignore
    arg [/usr/lib/gcc/x86_64-linux-gnu/9/../../../x86_64-linux-gnu/Scrt1.o] ==> ignore
    arg [/usr/lib/gcc/x86_64-linux-gnu/9/../../../x86_64-linux-gnu/crti.o] ==> ignore
    arg [/usr/lib/gcc/x86_64-linux-gnu/9/crtbeginS.o] ==> ignore
    arg [/usr/lib/gcc/x86_64-linux-gnu/9/crtoffloadbegin.o] ==> ignore
    arg [-L/usr/lib/gcc/x86_64-linux-gnu/9] ==> dir [/usr/lib/gcc/x86_64-linux-gnu/9]
    arg [-L/usr/lib/gcc/x86_64-linux-gnu/9/../../../x86_64-linux-gnu] ==> dir [/usr/lib/gcc/x86_64-linux-gnu/9/../../../x86_64-linux-gnu]
    arg [-L/usr/lib/gcc/x86_64-linux-gnu/9/../../../../lib] ==> dir [/usr/lib/gcc/x86_64-linux-gnu/9/../../../../lib]
    arg [-L/lib/x86_64-linux-gnu] ==> dir [/lib/x86_64-linux-gnu]
    arg [-L/lib/../lib] ==> dir [/lib/../lib]
    arg [-L/usr/lib/x86_64-linux-gnu] ==> dir [/usr/lib/x86_64-linux-gnu]
    arg [-L/usr/lib/../lib] ==> dir [/usr/lib/../lib]
    arg [-L/usr/lib/gcc/x86_64-linux-gnu/9/../../..] ==> dir [/usr/lib/gcc/x86_64-linux-gnu/9/../../..]
    arg [CMakeFiles/cmTC_b05fb.dir/OpenMPTryFlag.cpp.o] ==> ignore
    arg [-lstdc++] ==> lib [stdc++]
    arg [-lm] ==> lib [m]
    arg [-lgomp] ==> lib [gomp]
    arg [-lgcc_s] ==> lib [gcc_s]
    arg [-lgcc] ==> lib [gcc]
    arg [-lpthread] ==> lib [pthread]
    arg [-lc] ==> lib [c]
    arg [-lgcc_s] ==> lib [gcc_s]
    arg [-lgcc] ==> lib [gcc]
    arg [/usr/lib/gcc/x86_64-linux-gnu/9/crtendS.o] ==> ignore
    arg [/usr/lib/gcc/x86_64-linux-gnu/9/../../../x86_64-linux-gnu/crtn.o] ==> ignore
    arg [/usr/lib/gcc/x86_64-linux-gnu/9/crtoffloadend.o] ==> ignore
  collapse library dir [/usr/lib/gcc/x86_64-linux-gnu/9] ==> [/usr/lib/gcc/x86_64-linux-gnu/9]
  collapse library dir [/usr/lib/gcc/x86_64-linux-gnu/9/../../../x86_64-linux-gnu] ==> [/usr/lib/x86_64-linux-gnu]
  collapse library dir [/usr/lib/gcc/x86_64-linux-gnu/9/../../../../lib] ==> [/usr/lib]
  collapse library dir [/lib/x86_64-linux-gnu] ==> [/lib/x86_64-linux-gnu]
  collapse library dir [/lib/../lib] ==> [/lib]
  collapse library dir [/usr/lib/x86_64-linux-gnu] ==> [/usr/lib/x86_64-linux-gnu]
  collapse library dir [/usr/lib/../lib] ==> [/usr/lib]
  collapse library dir [/usr/lib/gcc/x86_64-linux-gnu/9/../../..] ==> [/usr/lib]
  implicit libs: [stdc++;m;gomp;gcc_s;gcc;pthread;c;gcc_s;gcc]
  implicit dirs: [/usr/lib/gcc/x86_64-linux-gnu/9;/usr/lib/x86_64-linux-gnu;/usr/lib;/lib/x86_64-linux-gnu;/lib]
  implicit fwks: []


Determining if the include file sys/types.h exists passed with the following output:
Change Dir: /home/arun/Desktop/typeflexer-llvm-test-suite/build/CMakeFiles/CMakeTmp

Run Build Command(s):/usr/bin/make cmTC_e3dc9/fast && /usr/bin/make -f CMakeFiles/cmTC_e3dc9.dir/build.make CMakeFiles/cmTC_e3dc9.dir/build
make[1]: Entering directory '/home/arun/Desktop/typeflexer-llvm-test-suite/build/CMakeFiles/CMakeTmp'
Building C object CMakeFiles/cmTC_e3dc9.dir/CheckIncludeFile.c.o
/home/arun/Desktop/TypeFlexer-Clang/llvm/cmake-build-debug/bin/clang    -o CMakeFiles/cmTC_e3dc9.dir/CheckIncludeFile.c.o   -c /home/arun/Desktop/typeflexer-llvm-test-suite/build/CMakeFiles/CMakeTmp/CheckIncludeFile.c
Linking C executable cmTC_e3dc9
/usr/bin/cmake -E cmake_link_script CMakeFiles/cmTC_e3dc9.dir/link.txt --verbose=1
/home/arun/Desktop/TypeFlexer-Clang/llvm/cmake-build-debug/bin/clang            CMakeFiles/cmTC_e3dc9.dir/CheckIncludeFile.c.o  -o cmTC_e3dc9 
make[1]: Leaving directory '/home/arun/Desktop/typeflexer-llvm-test-suite/build/CMakeFiles/CMakeTmp'



Determining if the include file stdint.h exists passed with the following output:
Change Dir: /home/arun/Desktop/typeflexer-llvm-test-suite/build/CMakeFiles/CMakeTmp

Run Build Command(s):/usr/bin/make cmTC_00b4c/fast && /usr/bin/make -f CMakeFiles/cmTC_00b4c.dir/build.make CMakeFiles/cmTC_00b4c.dir/build
make[1]: Entering directory '/home/arun/Desktop/typeflexer-llvm-test-suite/build/CMakeFiles/CMakeTmp'
Building C object CMakeFiles/cmTC_00b4c.dir/CheckIncludeFile.c.o
/home/arun/Desktop/TypeFlexer-Clang/llvm/cmake-build-debug/bin/clang    -o CMakeFiles/cmTC_00b4c.dir/CheckIncludeFile.c.o   -c /home/arun/Desktop/typeflexer-llvm-test-suite/build/CMakeFiles/CMakeTmp/CheckIncludeFile.c
Linking C executable cmTC_00b4c
/usr/bin/cmake -E cmake_link_script CMakeFiles/cmTC_00b4c.dir/link.txt --verbose=1
/home/arun/Desktop/TypeFlexer-Clang/llvm/cmake-build-debug/bin/clang            CMakeFiles/cmTC_00b4c.dir/CheckIncludeFile.c.o  -o cmTC_00b4c 
make[1]: Leaving directory '/home/arun/Desktop/typeflexer-llvm-test-suite/build/CMakeFiles/CMakeTmp'



Determining if the include file stddef.h exists passed with the following output:
Change Dir: /home/arun/Desktop/typeflexer-llvm-test-suite/build/CMakeFiles/CMakeTmp

Run Build Command(s):/usr/bin/make cmTC_1dd1a/fast && /usr/bin/make -f CMakeFiles/cmTC_1dd1a.dir/build.make CMakeFiles/cmTC_1dd1a.dir/build
make[1]: Entering directory '/home/arun/Desktop/typeflexer-llvm-test-suite/build/CMakeFiles/CMakeTmp'
Building C object CMakeFiles/cmTC_1dd1a.dir/CheckIncludeFile.c.o
/home/arun/Desktop/TypeFlexer-Clang/llvm/cmake-build-debug/bin/clang    -o CMakeFiles/cmTC_1dd1a.dir/CheckIncludeFile.c.o   -c /home/arun/Desktop/typeflexer-llvm-test-suite/build/CMakeFiles/CMakeTmp/CheckIncludeFile.c
Linking C executable cmTC_1dd1a
/usr/bin/cmake -E cmake_link_script CMakeFiles/cmTC_1dd1a.dir/link.txt --verbose=1
/home/arun/Desktop/TypeFlexer-Clang/llvm/cmake-build-debug/bin/clang            CMakeFiles/cmTC_1dd1a.dir/CheckIncludeFile.c.o  -o cmTC_1dd1a 
make[1]: Leaving directory '/home/arun/Desktop/typeflexer-llvm-test-suite/build/CMakeFiles/CMakeTmp'



Determining size of unsigned short passed with the following output:
Change Dir: /home/arun/Desktop/typeflexer-llvm-test-suite/build/CMakeFiles/CMakeTmp

Run Build Command(s):/usr/bin/make cmTC_ee7ee/fast && /usr/bin/make -f CMakeFiles/cmTC_ee7ee.dir/build.make CMakeFiles/cmTC_ee7ee.dir/build
make[1]: Entering directory '/home/arun/Desktop/typeflexer-llvm-test-suite/build/CMakeFiles/CMakeTmp'
Building C object CMakeFiles/cmTC_ee7ee.dir/CMAKE_SIZEOF_UNSIGNED_SHORT.c.o
/home/arun/Desktop/TypeFlexer-Clang/llvm/cmake-build-debug/bin/clang    -o CMakeFiles/cmTC_ee7ee.dir/CMAKE_SIZEOF_UNSIGNED_SHORT.c.o   -c /home/arun/Desktop/typeflexer-llvm-test-suite/build/CMakeFiles/CheckTypeSize/CMAKE_SIZEOF_UNSIGNED_SHORT.c
Linking C executable cmTC_ee7ee
/usr/bin/cmake -E cmake_link_script CMakeFiles/cmTC_ee7ee.dir/link.txt --verbose=1
/home/arun/Desktop/TypeFlexer-Clang/llvm/cmake-build-debug/bin/clang            CMakeFiles/cmTC_ee7ee.dir/CMAKE_SIZEOF_UNSIGNED_SHORT.c.o  -o cmTC_ee7ee 
make[1]: Leaving directory '/home/arun/Desktop/typeflexer-llvm-test-suite/build/CMakeFiles/CMakeTmp'



Determining if the system is big endian passed with the following output:
Change Dir: /home/arun/Desktop/typeflexer-llvm-test-suite/build/CMakeFiles/CMakeTmp

Run Build Command(s):/usr/bin/make cmTC_9669c/fast && /usr/bin/make -f CMakeFiles/cmTC_9669c.dir/build.make CMakeFiles/cmTC_9669c.dir/build
make[1]: Entering directory '/home/arun/Desktop/typeflexer-llvm-test-suite/build/CMakeFiles/CMakeTmp'
Building C object CMakeFiles/cmTC_9669c.dir/TestEndianess.c.o
/home/arun/Desktop/TypeFlexer-Clang/llvm/cmake-build-debug/bin/clang    -o CMakeFiles/cmTC_9669c.dir/TestEndianess.c.o   -c /home/arun/Desktop/typeflexer-llvm-test-suite/build/CMakeFiles/CMakeTmp/TestEndianess.c
Linking C executable cmTC_9669c
/usr/bin/cmake -E cmake_link_script CMakeFiles/cmTC_9669c.dir/link.txt --verbose=1
/home/arun/Desktop/TypeFlexer-Clang/llvm/cmake-build-debug/bin/clang            CMakeFiles/cmTC_9669c.dir/TestEndianess.c.o  -o cmTC_9669c 
make[1]: Leaving directory '/home/arun/Desktop/typeflexer-llvm-test-suite/build/CMakeFiles/CMakeTmp'


TestEndianess.c:
/* A 16 bit integer is required. */
typedef unsigned short cmakeint16;

/* On a little endian machine, these 16bit ints will give "THIS IS LITTLE ENDIAN."
   On a big endian machine the characters will be exchanged pairwise. */
const cmakeint16 info_little[] =  {0x4854, 0x5349, 0x4920, 0x2053, 0x494c, 0x5454, 0x454c, 0x4520, 0x444e, 0x4149, 0x2e4e, 0x0000};

/* on a big endian machine, these 16bit ints will give "THIS IS BIG ENDIAN."
   On a little endian machine the characters will be exchanged pairwise. */
const cmakeint16 info_big[] =     {0x5448, 0x4953, 0x2049, 0x5320, 0x4249, 0x4720, 0x454e, 0x4449, 0x414e, 0x2e2e, 0x0000};

#ifdef __CLASSIC_C__
int main(argc, argv) int argc; char *argv[];
#else
int main(int argc, char *argv[])
#endif
{
  int require = 0;
  require += info_little[argc];
  require += info_big[argc];
  (void)argv;
  return require;
}


Determining if the function shm_open exists in the rt passed with the following output:
Change Dir: /home/arun/Desktop/typeflexer-llvm-test-suite/build/CMakeFiles/CMakeTmp

Run Build Command(s):/usr/bin/make cmTC_ef488/fast && /usr/bin/make -f CMakeFiles/cmTC_ef488.dir/build.make CMakeFiles/cmTC_ef488.dir/build
make[1]: Entering directory '/home/arun/Desktop/typeflexer-llvm-test-suite/build/CMakeFiles/CMakeTmp'
Building C object CMakeFiles/cmTC_ef488.dir/CheckFunctionExists.c.o
/home/arun/Desktop/TypeFlexer-Clang/llvm/cmake-build-debug/bin/clang   -DCHECK_FUNCTION_EXISTS=shm_open   -o CMakeFiles/cmTC_ef488.dir/CheckFunctionExists.c.o   -c /usr/share/cmake-3.16/Modules/CheckFunctionExists.c
Linking C executable cmTC_ef488
/usr/bin/cmake -E cmake_link_script CMakeFiles/cmTC_ef488.dir/link.txt --verbose=1
/home/arun/Desktop/TypeFlexer-Clang/llvm/cmake-build-debug/bin/clang     -DCHECK_FUNCTION_EXISTS=shm_open       CMakeFiles/cmTC_ef488.dir/CheckFunctionExists.c.o  -o cmTC_ef488  -lrt 
make[1]: Leaving directory '/home/arun/Desktop/typeflexer-llvm-test-suite/build/CMakeFiles/CMakeTmp'



Performing C++ SOURCE FILE Test HAVE_CXX_FLAG_STD_CXX11 succeeded with the following output:
Change Dir: /home/arun/Desktop/typeflexer-llvm-test-suite/build/CMakeFiles/CMakeTmp

Run Build Command(s):/usr/bin/make cmTC_2595a/fast && /usr/bin/make -f CMakeFiles/cmTC_2595a.dir/build.make CMakeFiles/cmTC_2595a.dir/build
make[1]: Entering directory '/home/arun/Desktop/typeflexer-llvm-test-suite/build/CMakeFiles/CMakeTmp'
Building CXX object CMakeFiles/cmTC_2595a.dir/src.cxx.o
/usr/bin/g++    -DHAVE_CXX_FLAG_STD_CXX11  -std=c++11   -std=c++11 -o CMakeFiles/cmTC_2595a.dir/src.cxx.o -c /home/arun/Desktop/typeflexer-llvm-test-suite/build/CMakeFiles/CMakeTmp/src.cxx
Linking CXX executable cmTC_2595a
/usr/bin/cmake -E cmake_link_script CMakeFiles/cmTC_2595a.dir/link.txt --verbose=1
/usr/bin/g++      -DHAVE_CXX_FLAG_STD_CXX11  -std=c++11       CMakeFiles/cmTC_2595a.dir/src.cxx.o  -o cmTC_2595a 
make[1]: Leaving directory '/home/arun/Desktop/typeflexer-llvm-test-suite/build/CMakeFiles/CMakeTmp'


Source file was:
int main() { return 0; }
Performing C++ SOURCE FILE Test HAVE_CXX_FLAG_WALL succeeded with the following output:
Change Dir: /home/arun/Desktop/typeflexer-llvm-test-suite/build/CMakeFiles/CMakeTmp

Run Build Command(s):/usr/bin/make cmTC_ee73a/fast && /usr/bin/make -f CMakeFiles/cmTC_ee73a.dir/build.make CMakeFiles/cmTC_ee73a.dir/build
make[1]: Entering directory '/home/arun/Desktop/typeflexer-llvm-test-suite/build/CMakeFiles/CMakeTmp'
Building CXX object CMakeFiles/cmTC_ee73a.dir/src.cxx.o
/usr/bin/g++    -std=c++11 -DHAVE_CXX_FLAG_WALL  -Wall   -Wall -o CMakeFiles/cmTC_ee73a.dir/src.cxx.o -c /home/arun/Desktop/typeflexer-llvm-test-suite/build/CMakeFiles/CMakeTmp/src.cxx
Linking CXX executable cmTC_ee73a
/usr/bin/cmake -E cmake_link_script CMakeFiles/cmTC_ee73a.dir/link.txt --verbose=1
/usr/bin/g++       -std=c++11 -DHAVE_CXX_FLAG_WALL  -Wall       CMakeFiles/cmTC_ee73a.dir/src.cxx.o  -o cmTC_ee73a 
make[1]: Leaving directory '/home/arun/Desktop/typeflexer-llvm-test-suite/build/CMakeFiles/CMakeTmp'


Source file was:
int main() { return 0; }
Performing C++ SOURCE FILE Test HAVE_CXX_FLAG_WEXTRA succeeded with the following output:
Change Dir: /home/arun/Desktop/typeflexer-llvm-test-suite/build/CMakeFiles/CMakeTmp

Run Build Command(s):/usr/bin/make cmTC_0159a/fast && /usr/bin/make -f CMakeFiles/cmTC_0159a.dir/build.make CMakeFiles/cmTC_0159a.dir/build
make[1]: Entering directory '/home/arun/Desktop/typeflexer-llvm-test-suite/build/CMakeFiles/CMakeTmp'
Building CXX object CMakeFiles/cmTC_0159a.dir/src.cxx.o
/usr/bin/g++    -std=c++11  -Wall -DHAVE_CXX_FLAG_WEXTRA  -Wextra   -Wextra -o CMakeFiles/cmTC_0159a.dir/src.cxx.o -c /home/arun/Desktop/typeflexer-llvm-test-suite/build/CMakeFiles/CMakeTmp/src.cxx
Linking CXX executable cmTC_0159a
/usr/bin/cmake -E cmake_link_script CMakeFiles/cmTC_0159a.dir/link.txt --verbose=1
/usr/bin/g++       -std=c++11  -Wall -DHAVE_CXX_FLAG_WEXTRA  -Wextra       CMakeFiles/cmTC_0159a.dir/src.cxx.o  -o cmTC_0159a 
make[1]: Leaving directory '/home/arun/Desktop/typeflexer-llvm-test-suite/build/CMakeFiles/CMakeTmp'


Source file was:
int main() { return 0; }
Performing C++ SOURCE FILE Test HAVE_CXX_FLAG_WSHADOW succeeded with the following output:
Change Dir: /home/arun/Desktop/typeflexer-llvm-test-suite/build/CMakeFiles/CMakeTmp

Run Build Command(s):/usr/bin/make cmTC_6d77e/fast && /usr/bin/make -f CMakeFiles/cmTC_6d77e.dir/build.make CMakeFiles/cmTC_6d77e.dir/build
make[1]: Entering directory '/home/arun/Desktop/typeflexer-llvm-test-suite/build/CMakeFiles/CMakeTmp'
Building CXX object CMakeFiles/cmTC_6d77e.dir/src.cxx.o
/usr/bin/g++    -std=c++11  -Wall  -Wextra -DHAVE_CXX_FLAG_WSHADOW  -Wshadow   -Wshadow -o CMakeFiles/cmTC_6d77e.dir/src.cxx.o -c /home/arun/Desktop/typeflexer-llvm-test-suite/build/CMakeFiles/CMakeTmp/src.cxx
Linking CXX executable cmTC_6d77e
/usr/bin/cmake -E cmake_link_script CMakeFiles/cmTC_6d77e.dir/link.txt --verbose=1
/usr/bin/g++       -std=c++11  -Wall  -Wextra -DHAVE_CXX_FLAG_WSHADOW  -Wshadow       CMakeFiles/cmTC_6d77e.dir/src.cxx.o  -o cmTC_6d77e 
make[1]: Leaving directory '/home/arun/Desktop/typeflexer-llvm-test-suite/build/CMakeFiles/CMakeTmp'


Source file was:
int main() { return 0; }
Performing C++ SOURCE FILE Test HAVE_CXX_FLAG_WERROR succeeded with the following output:
Change Dir: /home/arun/Desktop/typeflexer-llvm-test-suite/build/CMakeFiles/CMakeTmp

Run Build Command(s):/usr/bin/make cmTC_78f8c/fast && /usr/bin/make -f CMakeFiles/cmTC_78f8c.dir/build.make CMakeFiles/cmTC_78f8c.dir/build
make[1]: Entering directory '/home/arun/Desktop/typeflexer-llvm-test-suite/build/CMakeFiles/CMakeTmp'
Building CXX object CMakeFiles/cmTC_78f8c.dir/src.cxx.o
/usr/bin/g++    -std=c++11  -Wall  -Wextra  -Wshadow -DHAVE_CXX_FLAG_WERROR  -Werror   -Werror -o CMakeFiles/cmTC_78f8c.dir/src.cxx.o -c /home/arun/Desktop/typeflexer-llvm-test-suite/build/CMakeFiles/CMakeTmp/src.cxx
Linking CXX executable cmTC_78f8c
/usr/bin/cmake -E cmake_link_script CMakeFiles/cmTC_78f8c.dir/link.txt --verbose=1
/usr/bin/g++       -std=c++11  -Wall  -Wextra  -Wshadow -DHAVE_CXX_FLAG_WERROR  -Werror       CMakeFiles/cmTC_78f8c.dir/src.cxx.o  -o cmTC_78f8c 
make[1]: Leaving directory '/home/arun/Desktop/typeflexer-llvm-test-suite/build/CMakeFiles/CMakeTmp'


Source file was:
int main() { return 0; }
Performing C++ SOURCE FILE Test HAVE_CXX_FLAG_PEDANTIC succeeded with the following output:
Change Dir: /home/arun/Desktop/typeflexer-llvm-test-suite/build/CMakeFiles/CMakeTmp

Run Build Command(s):/usr/bin/make cmTC_89d0d/fast && /usr/bin/make -f CMakeFiles/cmTC_89d0d.dir/build.make CMakeFiles/cmTC_89d0d.dir/build
make[1]: Entering directory '/home/arun/Desktop/typeflexer-llvm-test-suite/build/CMakeFiles/CMakeTmp'
Building CXX object CMakeFiles/cmTC_89d0d.dir/src.cxx.o
/usr/bin/g++    -std=c++11  -Wall  -Wextra  -Wshadow -DHAVE_CXX_FLAG_PEDANTIC  -pedantic   -pedantic -o CMakeFiles/cmTC_89d0d.dir/src.cxx.o -c /home/arun/Desktop/typeflexer-llvm-test-suite/build/CMakeFiles/CMakeTmp/src.cxx
Linking CXX executable cmTC_89d0d
/usr/bin/cmake -E cmake_link_script CMakeFiles/cmTC_89d0d.dir/link.txt --verbose=1
/usr/bin/g++       -std=c++11  -Wall  -Wextra  -Wshadow -DHAVE_CXX_FLAG_PEDANTIC  -pedantic       CMakeFiles/cmTC_89d0d.dir/src.cxx.o  -o cmTC_89d0d 
make[1]: Leaving directory '/home/arun/Desktop/typeflexer-llvm-test-suite/build/CMakeFiles/CMakeTmp'


Source file was:
int main() { return 0; }
Performing C++ SOURCE FILE Test HAVE_CXX_FLAG_PEDANTIC_ERRORS succeeded with the following output:
Change Dir: /home/arun/Desktop/typeflexer-llvm-test-suite/build/CMakeFiles/CMakeTmp

Run Build Command(s):/usr/bin/make cmTC_54e76/fast && /usr/bin/make -f CMakeFiles/cmTC_54e76.dir/build.make CMakeFiles/cmTC_54e76.dir/build
make[1]: Entering directory '/home/arun/Desktop/typeflexer-llvm-test-suite/build/CMakeFiles/CMakeTmp'
Building CXX object CMakeFiles/cmTC_54e76.dir/src.cxx.o
/usr/bin/g++    -std=c++11  -Wall  -Wextra  -Wshadow  -pedantic -DHAVE_CXX_FLAG_PEDANTIC_ERRORS  -pedantic-errors   -pedantic-errors -o CMakeFiles/cmTC_54e76.dir/src.cxx.o -c /home/arun/Desktop/typeflexer-llvm-test-suite/build/CMakeFiles/CMakeTmp/src.cxx
Linking CXX executable cmTC_54e76
/usr/bin/cmake -E cmake_link_script CMakeFiles/cmTC_54e76.dir/link.txt --verbose=1
/usr/bin/g++       -std=c++11  -Wall  -Wextra  -Wshadow  -pedantic -DHAVE_CXX_FLAG_PEDANTIC_ERRORS  -pedantic-errors       CMakeFiles/cmTC_54e76.dir/src.cxx.o  -o cmTC_54e76 
make[1]: Leaving directory '/home/arun/Desktop/typeflexer-llvm-test-suite/build/CMakeFiles/CMakeTmp'


Source file was:
int main() { return 0; }
Performing C++ SOURCE FILE Test HAVE_CXX_FLAG_FSTRICT_ALIASING succeeded with the following output:
Change Dir: /home/arun/Desktop/typeflexer-llvm-test-suite/build/CMakeFiles/CMakeTmp

Run Build Command(s):/usr/bin/make cmTC_602ee/fast && /usr/bin/make -f CMakeFiles/cmTC_602ee.dir/build.make CMakeFiles/cmTC_602ee.dir/build
make[1]: Entering directory '/home/arun/Desktop/typeflexer-llvm-test-suite/build/CMakeFiles/CMakeTmp'
Building CXX object CMakeFiles/cmTC_602ee.dir/src.cxx.o
/usr/bin/g++    -std=c++11  -Wall  -Wextra  -Wshadow  -pedantic  -pedantic-errors -DHAVE_CXX_FLAG_FSTRICT_ALIASING  -fstrict-aliasing   -fstrict-aliasing -o CMakeFiles/cmTC_602ee.dir/src.cxx.o -c /home/arun/Desktop/typeflexer-llvm-test-suite/build/CMakeFiles/CMakeTmp/src.cxx
Linking CXX executable cmTC_602ee
/usr/bin/cmake -E cmake_link_script CMakeFiles/cmTC_602ee.dir/link.txt --verbose=1
/usr/bin/g++       -std=c++11  -Wall  -Wextra  -Wshadow  -pedantic  -pedantic-errors -DHAVE_CXX_FLAG_FSTRICT_ALIASING  -fstrict-aliasing       CMakeFiles/cmTC_602ee.dir/src.cxx.o  -o cmTC_602ee 
make[1]: Leaving directory '/home/arun/Desktop/typeflexer-llvm-test-suite/build/CMakeFiles/CMakeTmp'


Source file was:
int main() { return 0; }
Performing C++ SOURCE FILE Test HAVE_CXX_FLAG_WNO_DEPRECATED_DECLARATIONS succeeded with the following output:
Change Dir: /home/arun/Desktop/typeflexer-llvm-test-suite/build/CMakeFiles/CMakeTmp

Run Build Command(s):/usr/bin/make cmTC_37f37/fast && /usr/bin/make -f CMakeFiles/cmTC_37f37.dir/build.make CMakeFiles/cmTC_37f37.dir/build
make[1]: Entering directory '/home/arun/Desktop/typeflexer-llvm-test-suite/build/CMakeFiles/CMakeTmp'
Building CXX object CMakeFiles/cmTC_37f37.dir/src.cxx.o
/usr/bin/g++    -std=c++11  -Wall  -Wextra  -Wshadow  -pedantic  -pedantic-errors  -fstrict-aliasing -DHAVE_CXX_FLAG_WNO_DEPRECATED_DECLARATIONS  -Wno-deprecated-declarations   -Wno-deprecated-declarations -o CMakeFiles/cmTC_37f37.dir/src.cxx.o -c /home/arun/Desktop/typeflexer-llvm-test-suite/build/CMakeFiles/CMakeTmp/src.cxx
Linking CXX executable cmTC_37f37
/usr/bin/cmake -E cmake_link_script CMakeFiles/cmTC_37f37.dir/link.txt --verbose=1
/usr/bin/g++       -std=c++11  -Wall  -Wextra  -Wshadow  -pedantic  -pedantic-errors  -fstrict-aliasing -DHAVE_CXX_FLAG_WNO_DEPRECATED_DECLARATIONS  -Wno-deprecated-declarations       CMakeFiles/cmTC_37f37.dir/src.cxx.o  -o cmTC_37f37 
make[1]: Leaving directory '/home/arun/Desktop/typeflexer-llvm-test-suite/build/CMakeFiles/CMakeTmp'


Source file was:
int main() { return 0; }
Performing C++ SOURCE FILE Test HAVE_CXX_FLAG_WNO_DEPRECATED succeeded with the following output:
Change Dir: /home/arun/Desktop/typeflexer-llvm-test-suite/build/CMakeFiles/CMakeTmp

Run Build Command(s):/usr/bin/make cmTC_07eea/fast && /usr/bin/make -f CMakeFiles/cmTC_07eea.dir/build.make CMakeFiles/cmTC_07eea.dir/build
make[1]: Entering directory '/home/arun/Desktop/typeflexer-llvm-test-suite/build/CMakeFiles/CMakeTmp'
Building CXX object CMakeFiles/cmTC_07eea.dir/src.cxx.o
/usr/bin/g++    -std=c++11  -Wall  -Wextra  -Wshadow  -pedantic  -pedantic-errors  -fstrict-aliasing  -Wno-deprecated-declarations -DHAVE_CXX_FLAG_WNO_DEPRECATED  -Wno-deprecated   -Wno-deprecated -o CMakeFiles/cmTC_07eea.dir/src.cxx.o -c /home/arun/Desktop/typeflexer-llvm-test-suite/build/CMakeFiles/CMakeTmp/src.cxx
Linking CXX executable cmTC_07eea
/usr/bin/cmake -E cmake_link_script CMakeFiles/cmTC_07eea.dir/link.txt --verbose=1
/usr/bin/g++       -std=c++11  -Wall  -Wextra  -Wshadow  -pedantic  -pedantic-errors  -fstrict-aliasing  -Wno-deprecated-declarations -DHAVE_CXX_FLAG_WNO_DEPRECATED  -Wno-deprecated       CMakeFiles/cmTC_07eea.dir/src.cxx.o  -o cmTC_07eea 
make[1]: Leaving directory '/home/arun/Desktop/typeflexer-llvm-test-suite/build/CMakeFiles/CMakeTmp'


Source file was:
int main() { return 0; }
Performing C++ SOURCE FILE Test HAVE_CXX_FLAG_WSTRICT_ALIASING succeeded with the following output:
Change Dir: /home/arun/Desktop/typeflexer-llvm-test-suite/build/CMakeFiles/CMakeTmp

Run Build Command(s):/usr/bin/make cmTC_f1bb3/fast && /usr/bin/make -f CMakeFiles/cmTC_f1bb3.dir/build.make CMakeFiles/cmTC_f1bb3.dir/build
make[1]: Entering directory '/home/arun/Desktop/typeflexer-llvm-test-suite/build/CMakeFiles/CMakeTmp'
Building CXX object CMakeFiles/cmTC_f1bb3.dir/src.cxx.o
/usr/bin/g++    -std=c++11  -Wall  -Wextra  -Wshadow  -pedantic  -pedantic-errors  -fstrict-aliasing  -Wno-deprecated-declarations -DHAVE_CXX_FLAG_WSTRICT_ALIASING  -Wstrict-aliasing   -Wstrict-aliasing -o CMakeFiles/cmTC_f1bb3.dir/src.cxx.o -c /home/arun/Desktop/typeflexer-llvm-test-suite/build/CMakeFiles/CMakeTmp/src.cxx
Linking CXX executable cmTC_f1bb3
/usr/bin/cmake -E cmake_link_script CMakeFiles/cmTC_f1bb3.dir/link.txt --verbose=1
/usr/bin/g++       -std=c++11  -Wall  -Wextra  -Wshadow  -pedantic  -pedantic-errors  -fstrict-aliasing  -Wno-deprecated-declarations -DHAVE_CXX_FLAG_WSTRICT_ALIASING  -Wstrict-aliasing       CMakeFiles/cmTC_f1bb3.dir/src.cxx.o  -o cmTC_f1bb3 
make[1]: Leaving directory '/home/arun/Desktop/typeflexer-llvm-test-suite/build/CMakeFiles/CMakeTmp'


Source file was:
int main() { return 0; }
Performing C++ SOURCE FILE Test HAVE_CXX_FLAG_COVERAGE succeeded with the following output:
Change Dir: /home/arun/Desktop/typeflexer-llvm-test-suite/build/CMakeFiles/CMakeTmp

Run Build Command(s):/usr/bin/make cmTC_5b754/fast && /usr/bin/make -f CMakeFiles/cmTC_5b754.dir/build.make CMakeFiles/cmTC_5b754.dir/build
make[1]: Entering directory '/home/arun/Desktop/typeflexer-llvm-test-suite/build/CMakeFiles/CMakeTmp'
Building CXX object CMakeFiles/cmTC_5b754.dir/src.cxx.o
/usr/bin/g++    -std=c++11  -Wall  -Wextra  -Wshadow  -pedantic  -pedantic-errors  -fstrict-aliasing  -Wno-deprecated-declarations  -Wstrict-aliasing -DHAVE_CXX_FLAG_COVERAGE  --coverage   --coverage -o CMakeFiles/cmTC_5b754.dir/src.cxx.o -c /home/arun/Desktop/typeflexer-llvm-test-suite/build/CMakeFiles/CMakeTmp/src.cxx
Linking CXX executable cmTC_5b754
/usr/bin/cmake -E cmake_link_script CMakeFiles/cmTC_5b754.dir/link.txt --verbose=1
/usr/bin/g++       -std=c++11  -Wall  -Wextra  -Wshadow  -pedantic  -pedantic-errors  -fstrict-aliasing  -Wno-deprecated-declarations  -Wstrict-aliasing -DHAVE_CXX_FLAG_COVERAGE  --coverage       CMakeFiles/cmTC_5b754.dir/src.cxx.o  -o cmTC_5b754 
make[1]: Leaving directory '/home/arun/Desktop/typeflexer-llvm-test-suite/build/CMakeFiles/CMakeTmp'


Source file was:
int main() { return 0; }
Determining if the include file pthread.h exists passed with the following output:
Change Dir: /home/arun/Desktop/typeflexer-llvm-test-suite/build/CMakeFiles/CMakeTmp

Run Build Command(s):/usr/bin/make cmTC_1f125/fast && /usr/bin/make -f CMakeFiles/cmTC_1f125.dir/build.make CMakeFiles/cmTC_1f125.dir/build
make[1]: Entering directory '/home/arun/Desktop/typeflexer-llvm-test-suite/build/CMakeFiles/CMakeTmp'
Building C object CMakeFiles/cmTC_1f125.dir/CheckIncludeFile.c.o
/home/arun/Desktop/TypeFlexer-Clang/llvm/cmake-build-debug/bin/clang    -o CMakeFiles/cmTC_1f125.dir/CheckIncludeFile.c.o   -c /home/arun/Desktop/typeflexer-llvm-test-suite/build/CMakeFiles/CMakeTmp/CheckIncludeFile.c
Linking C executable cmTC_1f125
/usr/bin/cmake -E cmake_link_script CMakeFiles/cmTC_1f125.dir/link.txt --verbose=1
/home/arun/Desktop/TypeFlexer-Clang/llvm/cmake-build-debug/bin/clang            CMakeFiles/cmTC_1f125.dir/CheckIncludeFile.c.o  -o cmTC_1f125 
make[1]: Leaving directory '/home/arun/Desktop/typeflexer-llvm-test-suite/build/CMakeFiles/CMakeTmp'



Performing C++ SOURCE FILE Test COMPILER_HAS_HIDDEN_VISIBILITY succeeded with the following output:
Change Dir: /home/arun/Desktop/typeflexer-llvm-test-suite/build/CMakeFiles/CMakeTmp

Run Build Command(s):/usr/bin/make cmTC_e62a1/fast && /usr/bin/make -f CMakeFiles/cmTC_e62a1.dir/build.make CMakeFiles/cmTC_e62a1.dir/build
make[1]: Entering directory '/home/arun/Desktop/typeflexer-llvm-test-suite/build/CMakeFiles/CMakeTmp'
Building CXX object CMakeFiles/cmTC_e62a1.dir/src.cxx.o
/usr/bin/g++    -std=c++11  -Wall  -Wextra  -Wshadow  -pedantic  -pedantic-errors  -fstrict-aliasing  -Wno-deprecated-declarations  -Wstrict-aliasing -DCOMPILER_HAS_HIDDEN_VISIBILITY   -fvisibility=hidden -o CMakeFiles/cmTC_e62a1.dir/src.cxx.o -c /home/arun/Desktop/typeflexer-llvm-test-suite/build/CMakeFiles/CMakeTmp/src.cxx
Linking CXX executable cmTC_e62a1
/usr/bin/cmake -E cmake_link_script CMakeFiles/cmTC_e62a1.dir/link.txt --verbose=1
/usr/bin/g++       -std=c++11  -Wall  -Wextra  -Wshadow  -pedantic  -pedantic-errors  -fstrict-aliasing  -Wno-deprecated-declarations  -Wstrict-aliasing -DCOMPILER_HAS_HIDDEN_VISIBILITY       CMakeFiles/cmTC_e62a1.dir/src.cxx.o  -o cmTC_e62a1 
make[1]: Leaving directory '/home/arun/Desktop/typeflexer-llvm-test-suite/build/CMakeFiles/CMakeTmp'


Source file was:
int main() { return 0; }
Performing C++ SOURCE FILE Test COMPILER_HAS_HIDDEN_INLINE_VISIBILITY succeeded with the following output:
Change Dir: /home/arun/Desktop/typeflexer-llvm-test-suite/build/CMakeFiles/CMakeTmp

Run Build Command(s):/usr/bin/make cmTC_aa28a/fast && /usr/bin/make -f CMakeFiles/cmTC_aa28a.dir/build.make CMakeFiles/cmTC_aa28a.dir/build
make[1]: Entering directory '/home/arun/Desktop/typeflexer-llvm-test-suite/build/CMakeFiles/CMakeTmp'
Building CXX object CMakeFiles/cmTC_aa28a.dir/src.cxx.o
/usr/bin/g++    -std=c++11  -Wall  -Wextra  -Wshadow  -pedantic  -pedantic-errors  -fstrict-aliasing  -Wno-deprecated-declarations  -Wstrict-aliasing -DCOMPILER_HAS_HIDDEN_INLINE_VISIBILITY   -fvisibility-inlines-hidden -o CMakeFiles/cmTC_aa28a.dir/src.cxx.o -c /home/arun/Desktop/typeflexer-llvm-test-suite/build/CMakeFiles/CMakeTmp/src.cxx
Linking CXX executable cmTC_aa28a
/usr/bin/cmake -E cmake_link_script CMakeFiles/cmTC_aa28a.dir/link.txt --verbose=1
/usr/bin/g++       -std=c++11  -Wall  -Wextra  -Wshadow  -pedantic  -pedantic-errors  -fstrict-aliasing  -Wno-deprecated-declarations  -Wstrict-aliasing -DCOMPILER_HAS_HIDDEN_INLINE_VISIBILITY       CMakeFiles/cmTC_aa28a.dir/src.cxx.o  -o cmTC_aa28a 
make[1]: Leaving directory '/home/arun/Desktop/typeflexer-llvm-test-suite/build/CMakeFiles/CMakeTmp'


Source file was:
int main() { return 0; }
Performing C++ SOURCE FILE Test COMPILER_HAS_DEPRECATED_ATTR succeeded with the following output:
Change Dir: /home/arun/Desktop/typeflexer-llvm-test-suite/build/CMakeFiles/CMakeTmp

Run Build Command(s):/usr/bin/make cmTC_2ef58/fast && /usr/bin/make -f CMakeFiles/cmTC_2ef58.dir/build.make CMakeFiles/cmTC_2ef58.dir/build
make[1]: Entering directory '/home/arun/Desktop/typeflexer-llvm-test-suite/build/CMakeFiles/CMakeTmp'
Building CXX object CMakeFiles/cmTC_2ef58.dir/src.cxx.o
/usr/bin/g++    -std=c++11  -Wall  -Wextra  -Wshadow  -pedantic  -pedantic-errors  -fstrict-aliasing  -Wno-deprecated-declarations  -Wstrict-aliasing -DCOMPILER_HAS_DEPRECATED_ATTR   -o CMakeFiles/cmTC_2ef58.dir/src.cxx.o -c /home/arun/Desktop/typeflexer-llvm-test-suite/build/CMakeFiles/CMakeTmp/src.cxx
Linking CXX executable cmTC_2ef58
/usr/bin/cmake -E cmake_link_script CMakeFiles/cmTC_2ef58.dir/link.txt --verbose=1
/usr/bin/g++       -std=c++11  -Wall  -Wextra  -Wshadow  -pedantic  -pedantic-errors  -fstrict-aliasing  -Wno-deprecated-declarations  -Wstrict-aliasing -DCOMPILER_HAS_DEPRECATED_ATTR       CMakeFiles/cmTC_2ef58.dir/src.cxx.o  -o cmTC_2ef58 
make[1]: Leaving directory '/home/arun/Desktop/typeflexer-llvm-test-suite/build/CMakeFiles/CMakeTmp'


Source file was:
__attribute__((__deprecated__)) int somefunc() { return 0; }
    int main() { return somefunc();}
Performing C++ SOURCE FILE Test BENCHMARK_HAS_O3_FLAG succeeded with the following output:
Change Dir: /home/arun/Desktop/typeflexer-llvm-test-suite/build/CMakeFiles/CMakeTmp

Run Build Command(s):/usr/bin/make cmTC_8ab1a/fast && /usr/bin/make -f CMakeFiles/cmTC_8ab1a.dir/build.make CMakeFiles/cmTC_8ab1a.dir/build
make[1]: Entering directory '/home/arun/Desktop/typeflexer-llvm-test-suite/build/CMakeFiles/CMakeTmp'
Building CXX object CMakeFiles/cmTC_8ab1a.dir/src.cxx.o
/usr/bin/g++    -std=c++11  -Wall  -Wextra  -Wshadow  -pedantic  -pedantic-errors  -fstrict-aliasing  -Wno-deprecated-declarations  -Wstrict-aliasing -DBENCHMARK_HAS_O3_FLAG   -O3 -o CMakeFiles/cmTC_8ab1a.dir/src.cxx.o -c /home/arun/Desktop/typeflexer-llvm-test-suite/build/CMakeFiles/CMakeTmp/src.cxx
Linking CXX executable cmTC_8ab1a
/usr/bin/cmake -E cmake_link_script CMakeFiles/cmTC_8ab1a.dir/link.txt --verbose=1
/usr/bin/g++       -std=c++11  -Wall  -Wextra  -Wshadow  -pedantic  -pedantic-errors  -fstrict-aliasing  -Wno-deprecated-declarations  -Wstrict-aliasing -DBENCHMARK_HAS_O3_FLAG       CMakeFiles/cmTC_8ab1a.dir/src.cxx.o  -o cmTC_8ab1a 
make[1]: Leaving directory '/home/arun/Desktop/typeflexer-llvm-test-suite/build/CMakeFiles/CMakeTmp'


Source file was:
int main() { return 0; }
Performing C++ SOURCE FILE Test BENCHMARK_HAS_WNO_ODR succeeded with the following output:
Change Dir: /home/arun/Desktop/typeflexer-llvm-test-suite/build/CMakeFiles/CMakeTmp

Run Build Command(s):/usr/bin/make cmTC_85b4d/fast && /usr/bin/make -f CMakeFiles/cmTC_85b4d.dir/build.make CMakeFiles/cmTC_85b4d.dir/build
make[1]: Entering directory '/home/arun/Desktop/typeflexer-llvm-test-suite/build/CMakeFiles/CMakeTmp'
Building CXX object CMakeFiles/cmTC_85b4d.dir/src.cxx.o
/usr/bin/g++    -std=c++11  -Wall  -Wextra  -Wshadow  -pedantic  -pedantic-errors  -fstrict-aliasing  -Wno-deprecated-declarations  -Wstrict-aliasing -DBENCHMARK_HAS_WNO_ODR   -Wno-odr -o CMakeFiles/cmTC_85b4d.dir/src.cxx.o -c /home/arun/Desktop/typeflexer-llvm-test-suite/build/CMakeFiles/CMakeTmp/src.cxx
Linking CXX executable cmTC_85b4d
/usr/bin/cmake -E cmake_link_script CMakeFiles/cmTC_85b4d.dir/link.txt --verbose=1
/usr/bin/g++       -std=c++11  -Wall  -Wextra  -Wshadow  -pedantic  -pedantic-errors  -fstrict-aliasing  -Wno-deprecated-declarations  -Wstrict-aliasing -DBENCHMARK_HAS_WNO_ODR       CMakeFiles/cmTC_85b4d.dir/src.cxx.o  -o cmTC_85b4d 
make[1]: Leaving directory '/home/arun/Desktop/typeflexer-llvm-test-suite/build/CMakeFiles/CMakeTmp'


Source file was:
int main() { return 0; }
Performing C++ SOURCE FILE Test BENCHMARK_HAS_WNO_LTO_TYPE_MISMATCH succeeded with the following output:
Change Dir: /home/arun/Desktop/typeflexer-llvm-test-suite/build/CMakeFiles/CMakeTmp

Run Build Command(s):/usr/bin/make cmTC_b4f7e/fast && /usr/bin/make -f CMakeFiles/cmTC_b4f7e.dir/build.make CMakeFiles/cmTC_b4f7e.dir/build
make[1]: Entering directory '/home/arun/Desktop/typeflexer-llvm-test-suite/build/CMakeFiles/CMakeTmp'
Building CXX object CMakeFiles/cmTC_b4f7e.dir/src.cxx.o
/usr/bin/g++    -std=c++11  -Wall  -Wextra  -Wshadow  -pedantic  -pedantic-errors  -fstrict-aliasing  -Wno-deprecated-declarations  -Wstrict-aliasing -DBENCHMARK_HAS_WNO_LTO_TYPE_MISMATCH   -Wno-lto-type-mismatch -o CMakeFiles/cmTC_b4f7e.dir/src.cxx.o -c /home/arun/Desktop/typeflexer-llvm-test-suite/build/CMakeFiles/CMakeTmp/src.cxx
Linking CXX executable cmTC_b4f7e
/usr/bin/cmake -E cmake_link_script CMakeFiles/cmTC_b4f7e.dir/link.txt --verbose=1
/usr/bin/g++       -std=c++11  -Wall  -Wextra  -Wshadow  -pedantic  -pedantic-errors  -fstrict-aliasing  -Wno-deprecated-declarations  -Wstrict-aliasing -DBENCHMARK_HAS_WNO_LTO_TYPE_MISMATCH       CMakeFiles/cmTC_b4f7e.dir/src.cxx.o  -o cmTC_b4f7e 
make[1]: Leaving directory '/home/arun/Desktop/typeflexer-llvm-test-suite/build/CMakeFiles/CMakeTmp'


Source file was:
int main() { return 0; }
Determining if the function re_comp exists passed with the following output:
Change Dir: /home/arun/Desktop/typeflexer-llvm-test-suite/build/CMakeFiles/CMakeTmp

Run Build Command(s):/usr/bin/make cmTC_c8a25/fast && /usr/bin/make -f CMakeFiles/cmTC_c8a25.dir/build.make CMakeFiles/cmTC_c8a25.dir/build
make[1]: Entering directory '/home/arun/Desktop/typeflexer-llvm-test-suite/build/CMakeFiles/CMakeTmp'
Building C object CMakeFiles/cmTC_c8a25.dir/CheckFunctionExists.c.o
/home/arun/Desktop/TypeFlexer-Clang/llvm/cmake-build-debug/bin/clang   -DCHECK_FUNCTION_EXISTS=re_comp   -o CMakeFiles/cmTC_c8a25.dir/CheckFunctionExists.c.o   -c /usr/share/cmake-3.16/Modules/CheckFunctionExists.c
Linking C executable cmTC_c8a25
/usr/bin/cmake -E cmake_link_script CMakeFiles/cmTC_c8a25.dir/link.txt --verbose=1
/home/arun/Desktop/TypeFlexer-Clang/llvm/cmake-build-debug/bin/clang     -DCHECK_FUNCTION_EXISTS=re_comp       CMakeFiles/cmTC_c8a25.dir/CheckFunctionExists.c.o  -o cmTC_c8a25 
make[1]: Leaving directory '/home/arun/Desktop/typeflexer-llvm-test-suite/build/CMakeFiles/CMakeTmp'



Performing C SOURCE FILE Test COMPILER_HAS_MATRIX_FLAG succeeded with the following output:
Change Dir: /home/arun/Desktop/typeflexer-llvm-test-suite/build/CMakeFiles/CMakeTmp

Run Build Command(s):/usr/bin/make cmTC_0598f/fast && /usr/bin/make -f CMakeFiles/cmTC_0598f.dir/build.make CMakeFiles/cmTC_0598f.dir/build
make[1]: Entering directory '/home/arun/Desktop/typeflexer-llvm-test-suite/build/CMakeFiles/CMakeTmp'
Building C object CMakeFiles/cmTC_0598f.dir/src.c.o
/home/arun/Desktop/TypeFlexer-Clang/llvm/cmake-build-debug/bin/clang   -DCOMPILER_HAS_MATRIX_FLAG   -fenable-matrix -o CMakeFiles/cmTC_0598f.dir/src.c.o   -c /home/arun/Desktop/typeflexer-llvm-test-suite/build/CMakeFiles/CMakeTmp/src.c
Linking C executable cmTC_0598f
/usr/bin/cmake -E cmake_link_script CMakeFiles/cmTC_0598f.dir/link.txt --verbose=1
/home/arun/Desktop/TypeFlexer-Clang/llvm/cmake-build-debug/bin/clang     -DCOMPILER_HAS_MATRIX_FLAG       CMakeFiles/cmTC_0598f.dir/src.c.o  -o cmTC_0598f 
make[1]: Leaving directory '/home/arun/Desktop/typeflexer-llvm-test-suite/build/CMakeFiles/CMakeTmp'


Source file was:
int main(void) { return 0; }
Determining if the mmap exist passed with the following output:
Change Dir: /home/arun/Desktop/typeflexer-llvm-test-suite/build/CMakeFiles/CMakeTmp

Run Build Command(s):/usr/bin/make cmTC_66eba/fast && /usr/bin/make -f CMakeFiles/cmTC_66eba.dir/build.make CMakeFiles/cmTC_66eba.dir/build
make[1]: Entering directory '/home/arun/Desktop/typeflexer-llvm-test-suite/build/CMakeFiles/CMakeTmp'
Building C object CMakeFiles/cmTC_66eba.dir/CheckSymbolExists.c.o
/home/arun/Desktop/TypeFlexer-Clang/llvm/cmake-build-debug/bin/clang    -o CMakeFiles/cmTC_66eba.dir/CheckSymbolExists.c.o   -c /home/arun/Desktop/typeflexer-llvm-test-suite/build/CMakeFiles/CMakeTmp/CheckSymbolExists.c
Linking C executable cmTC_66eba
/usr/bin/cmake -E cmake_link_script CMakeFiles/cmTC_66eba.dir/link.txt --verbose=1
/home/arun/Desktop/TypeFlexer-Clang/llvm/cmake-build-debug/bin/clang            CMakeFiles/cmTC_66eba.dir/CheckSymbolExists.c.o  -o cmTC_66eba 
make[1]: Leaving directory '/home/arun/Desktop/typeflexer-llvm-test-suite/build/CMakeFiles/CMakeTmp'


File /home/arun/Desktop/typeflexer-llvm-test-suite/build/CMakeFiles/CMakeTmp/CheckSymbolExists.c:
/* */
#include <sys/types.h>
#include <sys/mman.h>

int main(int argc, char** argv)
{
  (void)argv;
#ifndef mmap
  return ((int*)(&mmap))[argc];
#else
  (void)argc;
  return 0;
#endif
}
